2021-09-07T19:17:18.308+0700	controller/handler.go:24	[GoAdmin] [37;44m 200 [0m [37;104m GET   [0m /admin/login
2021-09-07T19:17:18.352+0700	controller/handler.go:24	[GoAdmin] [37;44m 200 [0m [37;104m GET   [0m /admin/assets/login/dist/all.min.js
2021-09-07T19:17:18.352+0700	controller/handler.go:24	[GoAdmin] [37;44m 200 [0m [37;104m GET   [0m /admin/assets/login/dist/all.min.css
2021-09-07T19:18:10.585+0700	controller/handler.go:24	[GoAdmin] [37;44m 200 [0m [37;104m POST   [0m /admin/signin
2021-09-07T19:18:10.629+0700	controller/handler.go:24	[GoAdmin] [37;44m 200 [0m [37;104m GET   [0m /admin/assets/dist/js/all.min.8425540791.js
2021-09-07T19:18:10.635+0700	controller/handler.go:24	[GoAdmin] [37;44m 200 [0m [37;104m GET   [0m /admin/assets/dist/css/all.min.79250b7051.css
2021-09-07T19:18:10.639+0700	controller/handler.go:24	[GoAdmin] [37;44m 200 [0m [37;104m GET   [0m /admin/assets/dist/js/datatable.min.581cdc109b.js
2021-09-07T19:18:10.648+0700	controller/handler.go:24	[GoAdmin] [37;44m 200 [0m [37;104m GET   [0m /admin/assets/dist/js/treeview.min.7780d3bb0f.js
2021-09-07T19:18:10.650+0700	controller/handler.go:24	[GoAdmin] [37;44m 200 [0m [37;104m GET   [0m /admin/assets/dist/js/all_2.min.38a2a946b0.js
2021-09-07T19:18:10.651+0700	controller/handler.go:24	[GoAdmin] [37;44m 200 [0m [37;104m GET   [0m /admin/assets/dist/img/avatar04.png
2021-09-07T19:18:10.654+0700	controller/handler.go:24	[GoAdmin] [37;44m 200 [0m [37;104m GET   [0m /admin/assets/chart.min.js
2021-09-07T19:18:10.668+0700	controller/handler.go:24	[GoAdmin] [37;44m 200 [0m [37;104m GET   [0m /admin/assets/dist/js/tree.min.e1faf8b7de.js
2021-09-07T19:18:10.677+0700	controller/handler.go:24	[GoAdmin] [37;44m 200 [0m [37;104m GET   [0m /admin/assets/dist/js/form.min.f8678914e9.js
2021-09-07T19:18:10.692+0700	controller/handler.go:24	[GoAdmin] [37;44m 200 [0m [37;104m GET   [0m /admin/assets/dist/fonts/fontawesome-webfont.woff2
2021-09-07T19:18:10.754+0700	controller/handler.go:24	[GoAdmin] [37;44m 200 [0m [37;104m GET   [0m /admin/assets/dist/css/fonts/6xK3dSBYKcSV-LCoeQqfX1RYOo3qOK7g.ttf
2021-09-07T19:18:10.776+0700	controller/handler.go:24	[GoAdmin] [37;44m 200 [0m [37;104m GET   [0m /admin/assets/dist/css/fonts/6xKydSBYKcSV-LCoeQqfX1RYOo3i54rwlxdr.ttf
2021-09-07T19:18:19.217+0700	controller/handler.go:24	[GoAdmin] [37;44m 200 [0m [37;104m GET   [0m /admin/info/manager
2021-09-07T19:18:19.232+0700	controller/handler.go:24	[GoAdmin] [37;44m 200 [0m [37;104m GET   [0m /admin/assets/dist/css/blue.png
2021-09-07T20:11:00.377+0700	controller/handler.go:24	[GoAdmin] [37;44m 200 [0m [37;104m GET   [0m /admin/assets/dist/css/blue@2x.png
2021-09-07T20:39:25.284+0700	controller/handler.go:24	[GoAdmin] [37;44m 200 [0m [37;104m GET   [0m /admin/info/manager
2021-09-07T20:39:25.338+0700	controller/handler.go:24	[GoAdmin] [37;44m 200 [0m [37;104m GET   [0m /admin/assets/dist/css/all.min.79250b7051.css
2021-09-07T20:39:25.361+0700	controller/handler.go:24	[GoAdmin] [37;44m 200 [0m [37;104m GET   [0m /admin/assets/dist/js/form.min.f8678914e9.js
2021-09-07T20:39:27.247+0700	controller/handler.go:24	[GoAdmin] [37;44m 200 [0m [37;104m GET   [0m /admin/menu
2021-09-07T20:40:05.640+0700	controller/handler.go:24	[GoAdmin] [37;44m 200 [0m [37;104m POST   [0m /admin/menu/new
2021-09-07T20:40:09.111+0700	controller/handler.go:24	[GoAdmin] [37;44m 200 [0m [37;104m GET   [0m /admin/menu
2021-09-07T20:40:09.814+0700	controller/handler.go:24	[GoAdmin] [37;44m 200 [0m [37;104m GET   [0m /admin/info/users
2021-09-07T20:40:14.272+0700	controller/handler.go:24	[GoAdmin] [37;44m 200 [0m [37;104m GET   [0m /admin/info/manager
2021-09-07T20:40:16.107+0700	controller/handler.go:24	[GoAdmin] [37;44m 200 [0m [37;104m GET   [0m /admin/menu
2021-09-07T20:41:45.887+0700	controller/handler.go:24	[GoAdmin] [37;44m 200 [0m [37;104m POST   [0m /admin/menu/new
2021-09-07T20:41:48.110+0700	controller/handler.go:24	[GoAdmin] [37;44m 200 [0m [37;104m GET   [0m /admin/menu
2021-09-07T20:41:57.284+0700	controller/handler.go:24	[GoAdmin] [37;44m 200 [0m [37;104m GET   [0m /admin/assets/dist/js/all.min.8425540791.js
2021-09-07T20:41:58.487+0700	controller/handler.go:24	[GoAdmin] [37;44m 200 [0m [37;104m GET   [0m /admin/info/users
2021-09-07T20:42:02.961+0700	controller/handler.go:24	[GoAdmin] [37;44m 200 [0m [37;104m GET   [0m /admin/info/project
2021-09-07T20:42:06.685+0700	controller/handler.go:24	[GoAdmin] [37;44m 200 [0m [37;104m GET   [0m /admin/info/projects
2021-09-07T20:42:10.187+0700	controller/handler.go:24	[GoAdmin] [37;44m 200 [0m [37;104m GET   [0m /admin/info/users
2021-09-07T20:42:12.057+0700	controller/handler.go:24	[GoAdmin] [37;44m 200 [0m [37;104m GET   [0m /admin/menu
2021-09-07T20:42:22.174+0700	controller/handler.go:24	[GoAdmin] [37;44m 200 [0m [37;104m GET   [0m /admin/info/users
2021-09-07T20:42:25.355+0700	controller/handler.go:24	[GoAdmin] [37;44m 200 [0m [37;104m GET   [0m /admin/info/users
2021-09-07T20:42:27.856+0700	controller/handler.go:24	[GoAdmin] [37;44m 200 [0m [37;104m GET   [0m /admin/menu
2021-09-07T20:42:29.208+0700	controller/handler.go:24	[GoAdmin] [37;44m 200 [0m [37;104m GET   [0m /admin/menu/edit/show
2021-09-07T20:42:35.537+0700	controller/handler.go:24	[GoAdmin] [37;44m 200 [0m [37;104m POST   [0m /admin/menu/edit
2021-09-07T20:42:39.938+0700	controller/handler.go:24	[GoAdmin] [37;44m 200 [0m [37;104m GET   [0m /admin/menu
2021-09-07T20:42:41.025+0700	controller/handler.go:24	[GoAdmin] [37;44m 200 [0m [37;104m GET   [0m /admin/info/projects
2021-09-07T20:42:42.869+0700	controller/handler.go:24	[GoAdmin] [37;44m 200 [0m [37;104m GET   [0m /admin/info/users
2021-09-07T20:42:46.459+0700	controller/handler.go:24	[GoAdmin] [37;44m 200 [0m [37;104m GET   [0m /admin/info/projects
2021-09-07T20:42:47.320+0700	controller/handler.go:24	[GoAdmin] [37;44m 200 [0m [37;104m GET   [0m /admin/info/users
2021-09-07T20:42:49.427+0700	controller/handler.go:24	[GoAdmin] [37;44m 200 [0m [37;104m GET   [0m /admin/info/manager
2021-09-07T20:42:50.405+0700	controller/handler.go:24	[GoAdmin] [37;44m 200 [0m [37;104m GET   [0m /admin/info/roles
2021-09-07T20:42:51.395+0700	controller/handler.go:24	[GoAdmin] [37;44m 200 [0m [37;104m GET   [0m /admin/info/users
2021-09-07T20:42:53.130+0700	controller/handler.go:24	[GoAdmin] [37;44m 200 [0m [37;104m GET   [0m /admin/info/projects
2021-09-07T20:42:54.479+0700	controller/handler.go:24	[GoAdmin] [37;44m 200 [0m [37;104m GET   [0m /admin/info/users
2021-09-07T20:42:55.972+0700	controller/handler.go:24	[GoAdmin] [37;44m 200 [0m [37;104m GET   [0m /admin/info/projects
2021-09-07T20:42:58.861+0700	controller/handler.go:24	[GoAdmin] [37;44m 200 [0m [37;104m GET   [0m /admin/info/users
2021-09-07T20:45:54.179+0700	controller/handler.go:24	[GoAdmin] [37;44m 200 [0m [37;104m GET   [0m /admin/info/users
2021-09-07T20:45:58.753+0700	controller/handler.go:24	[GoAdmin] [37;44m 200 [0m [37;104m GET   [0m /admin/info/users
2021-09-07T20:45:59.910+0700	controller/handler.go:24	[GoAdmin] [37;44m 200 [0m [37;104m GET   [0m /admin/info/projects
2021-09-07T20:46:01.120+0700	controller/handler.go:24	[GoAdmin] [37;44m 200 [0m [37;104m GET   [0m /admin/info/users
2021-09-07T20:46:01.835+0700	controller/handler.go:24	[GoAdmin] [37;44m 200 [0m [37;104m GET   [0m /admin/info/projects
2021-09-07T20:46:04.016+0700	controller/handler.go:24	[GoAdmin] [37;44m 200 [0m [37;104m GET   [0m /admin/menu
2021-09-07T20:46:06.733+0700	controller/handler.go:24	[GoAdmin] [37;44m 200 [0m [37;104m GET   [0m /admin/menu/edit/show
2021-09-07T20:46:09.572+0700	controller/handler.go:24	[GoAdmin] [37;44m 200 [0m [37;104m GET   [0m /admin/info/users
2021-09-07T20:46:10.549+0700	controller/handler.go:24	[GoAdmin] [37;44m 200 [0m [37;104m GET   [0m /admin/info/projects
2021-09-07T20:46:16.460+0700	controller/handler.go:24	[GoAdmin] [37;44m 200 [0m [37;104m GET   [0m /admin/info/projects
2021-09-07T20:46:17.385+0700	controller/handler.go:24	[GoAdmin] [37;44m 200 [0m [37;104m GET   [0m /admin/info/users
2021-09-07T20:46:19.353+0700	controller/handler.go:24	[GoAdmin] [37;44m 200 [0m [37;104m GET   [0m /admin/info/projects
2021-09-07T20:46:21.390+0700	controller/handler.go:24	[GoAdmin] [37;44m 200 [0m [37;104m GET   [0m /admin/info/users
2021-09-07T20:47:23.398+0700	controller/handler.go:24	[GoAdmin] [37;44m 200 [0m [37;104m GET   [0m /admin/info/project_images
2021-09-07T20:47:29.354+0700	controller/handler.go:24	[GoAdmin] [37;44m 200 [0m [37;104m GET   [0m /admin/info/project_tags
2021-09-07T20:47:57.091+0700	controller/handler.go:24	[GoAdmin] [37;44m 200 [0m [37;104m GET   [0m /admin/info/project_tags
2021-09-07T20:48:25.966+0700	controller/handler.go:24	[GoAdmin] [37;44m 200 [0m [37;104m GET   [0m /admin/info/project
2021-09-07T20:48:28.688+0700	controller/handler.go:24	[GoAdmin] [37;44m 200 [0m [37;104m GET   [0m /admin/info/projects
2021-09-07T20:48:31.870+0700	controller/handler.go:24	[GoAdmin] [37;44m 200 [0m [37;104m GET   [0m /admin/info/projectsds
2021-09-07T20:48:38.745+0700	controller/handler.go:24	[GoAdmin] [37;44m 200 [0m [37;104m GET   [0m /admin/info/project
2021-09-07T20:49:01.177+0700	controller/handler.go:24	[GoAdmin] [37;44m 200 [0m [37;104m GET   [0m /admin/info/project
2021-09-07T20:49:09.451+0700	controller/handler.go:24	[GoAdmin] [37;44m 200 [0m [37;104m GET   [0m /admin/info/project_tags
2021-09-08T14:49:11.922+0700	controller/handler.go:24	[GoAdmin] [37;44m 200 [0m [37;104m GET   [0m /admin/login
2021-09-08T14:49:11.965+0700	controller/handler.go:24	[GoAdmin] [37;44m 200 [0m [37;104m GET   [0m /admin/assets/login/dist/all.min.js
2021-09-08T14:49:11.965+0700	controller/handler.go:24	[GoAdmin] [37;44m 200 [0m [37;104m GET   [0m /admin/assets/login/dist/all.min.css
2021-09-08T14:49:20.376+0700	controller/handler.go:24	[GoAdmin] [37;44m 200 [0m [37;104m POST   [0m /admin/signin
2021-09-08T14:49:20.424+0700	controller/handler.go:24	[GoAdmin] [37;44m 200 [0m [37;104m GET   [0m /admin/assets/dist/js/all.min.8425540791.js
2021-09-08T14:49:20.431+0700	controller/handler.go:24	[GoAdmin] [37;44m 200 [0m [37;104m GET   [0m /admin/assets/dist/css/all.min.79250b7051.css
2021-09-08T14:49:20.435+0700	controller/handler.go:24	[GoAdmin] [37;44m 200 [0m [37;104m GET   [0m /admin/assets/dist/js/datatable.min.581cdc109b.js
2021-09-08T14:49:20.447+0700	controller/handler.go:24	[GoAdmin] [37;44m 200 [0m [37;104m GET   [0m /admin/assets/chart.min.js
2021-09-08T14:49:20.462+0700	controller/handler.go:24	[GoAdmin] [37;44m 200 [0m [37;104m GET   [0m /admin/assets/dist/js/all_2.min.38a2a946b0.js
2021-09-08T14:49:20.462+0700	controller/handler.go:24	[GoAdmin] [37;44m 200 [0m [37;104m GET   [0m /admin/assets/dist/js/treeview.min.7780d3bb0f.js
2021-09-08T14:49:20.463+0700	controller/handler.go:24	[GoAdmin] [37;44m 200 [0m [37;104m GET   [0m /admin/assets/dist/img/avatar04.png
2021-09-08T14:49:20.463+0700	controller/handler.go:24	[GoAdmin] [37;44m 200 [0m [37;104m GET   [0m /admin/assets/dist/js/tree.min.e1faf8b7de.js
2021-09-08T14:49:20.465+0700	controller/handler.go:24	[GoAdmin] [37;44m 200 [0m [37;104m GET   [0m /admin/assets/dist/js/form.min.f8678914e9.js
2021-09-08T14:49:20.487+0700	controller/handler.go:24	[GoAdmin] [37;44m 200 [0m [37;104m GET   [0m /admin/assets/dist/fonts/fontawesome-webfont.woff2
2021-09-08T14:49:20.549+0700	controller/handler.go:24	[GoAdmin] [37;44m 200 [0m [37;104m GET   [0m /admin/assets/dist/css/fonts/6xK3dSBYKcSV-LCoeQqfX1RYOo3qOK7g.ttf
2021-09-08T14:49:20.567+0700	controller/handler.go:24	[GoAdmin] [37;44m 200 [0m [37;104m GET   [0m /admin/assets/dist/css/fonts/6xKydSBYKcSV-LCoeQqfX1RYOo3i54rwlxdr.ttf
2021-09-08T14:58:13.793+0700	controller/handler.go:24	[GoAdmin] [37;44m 200 [0m [37;104m GET   [0m /admin/info/project_images
2021-09-08T14:58:13.954+0700	controller/handler.go:24	[GoAdmin] [37;44m 200 [0m [37;104m GET   [0m /admin/assets/dist/css/blue.png
2021-09-08T14:58:26.627+0700	controller/handler.go:24	[GoAdmin] [37;44m 200 [0m [37;104m GET   [0m /admin/info/project_images
2021-09-08T14:58:30.795+0700	controller/handler.go:24	[GoAdmin] [37;44m 200 [0m [37;104m GET   [0m /admin/info/project_images
2021-09-08T15:00:00.660+0700	controller/handler.go:24	[GoAdmin] [37;44m 200 [0m [37;104m GET   [0m /admin/info/project_images
2021-09-08T15:00:15.916+0700	controller/handler.go:24	[GoAdmin] [37;44m 200 [0m [37;104m GET   [0m /admin/info/project_images
2021-09-08T15:00:23.345+0700	controller/handler.go:24	[GoAdmin] [37;44m 200 [0m [37;104m GET   [0m /admin/info/project_images
2021-09-08T15:00:29.795+0700	controller/handler.go:24	[GoAdmin] [37;44m 200 [0m [37;104m GET   [0m /admin/info/project_images
2021-09-08T15:01:14.094+0700	controller/handler.go:24	[GoAdmin] [37;44m 200 [0m [37;104m GET   [0m /admin/info/project_images
2021-09-08T15:03:45.438+0700	controller/handler.go:24	[GoAdmin] [37;44m 200 [0m [37;104m GET   [0m /admin/info/project_images
2021-09-08T15:23:20.042+0700	controller/handler.go:24	[GoAdmin] [37;44m 200 [0m [37;104m GET   [0m /admin/info/project_images
2021-09-08T15:24:03.027+0700	controller/handler.go:24	[GoAdmin] [37;44m 200 [0m [37;104m GET   [0m /admin/info/project_images
2021-09-08T15:24:04.915+0700	controller/handler.go:24	[GoAdmin] [37;44m 200 [0m [37;104m GET   [0m /admin/info/projects
2021-09-08T15:24:06.967+0700	controller/handler.go:24	[GoAdmin] [37;44m 200 [0m [37;104m GET   [0m /admin/info/users
2021-09-08T15:24:07.708+0700	controller/handler.go:24	[GoAdmin] [37;44m 200 [0m [37;104m GET   [0m /admin/info/projects
2021-09-08T15:24:35.524+0700	controller/handler.go:24	[GoAdmin] [37;44m 200 [0m [37;104m GET   [0m /admin/info/projects
2021-09-08T15:24:36.734+0700	controller/handler.go:24	[GoAdmin] [37;44m 200 [0m [37;104m GET   [0m /admin/info/projects/new
2021-09-08T15:24:39.878+0700	controller/handler.go:24	[GoAdmin] [37;44m 200 [0m [37;104m GET   [0m /admin/assets/dist/fonts/glyphicons-halflings-regular.woff2
2021-09-08T15:26:00.070+0700	controller/handler.go:24	[GoAdmin] [37;44m 200 [0m [37;104m POST   [0m /admin/new/projects
2021-09-08T15:26:07.679+0700	controller/handler.go:24	[GoAdmin] [37;44m 200 [0m [37;104m GET   [0m /admin/info/users
2021-09-08T15:26:16.656+0700	controller/handler.go:24	[GoAdmin] [37;44m 200 [0m [37;104m GET   [0m /admin/info/users/new
2021-09-08T15:26:31.776+0700	controller/handler.go:24	[GoAdmin] [37;44m 200 [0m [37;104m GET   [0m /admin/info/users
2021-09-08T15:35:36.109+0700	controller/handler.go:24	[GoAdmin] [37;44m 200 [0m [37;104m GET   [0m /admin/info/users
2021-09-08T15:35:39.792+0700	controller/handler.go:24	[GoAdmin] [37;44m 200 [0m [37;104m GET   [0m /admin/info/users/new
2021-09-08T15:35:57.313+0700	controller/handler.go:24	[GoAdmin] [37;44m 200 [0m [37;104m GET   [0m /admin/assets/dist/img/loading.gif
2021-09-08T15:36:00.164+0700	controller/handler.go:24	[GoAdmin] [37;44m 200 [0m [37;104m POST   [0m /admin/new/users
2021-09-08T15:40:16.536+0700	controller/handler.go:24	[GoAdmin] [37;44m 200 [0m [37;104m GET   [0m /admin/info/users
2021-09-08T15:40:31.336+0700	controller/handler.go:24	[GoAdmin] [37;44m 200 [0m [37;104m GET   [0m /admin/info/users
2021-09-08T15:53:25.538+0700	controller/handler.go:24	[GoAdmin] [37;44m 200 [0m [37;104m GET   [0m /admin/info/users
2021-09-08T15:53:28.984+0700	controller/handler.go:24	[GoAdmin] [37;44m 200 [0m [37;104m GET   [0m /admin/info/users/new
2021-09-08T15:54:53.829+0700	controller/handler.go:24	[GoAdmin] [37;44m 200 [0m [37;104m GET   [0m /admin/info/users
2021-09-08T15:54:58.105+0700	controller/handler.go:24	[GoAdmin] [37;44m 200 [0m [37;104m POST   [0m /admin/delete/users
2021-09-08T15:54:58.147+0700	controller/handler.go:24	[GoAdmin] [37;44m 200 [0m [37;104m GET   [0m /admin/info/users
2021-09-08T15:55:01.046+0700	controller/handler.go:24	[GoAdmin] [37;44m 200 [0m [37;104m GET   [0m /admin/info/users/new
2021-09-08T15:55:24.879+0700	controller/handler.go:24	[GoAdmin] [37;44m 200 [0m [37;104m GET   [0m /admin/info/users/new
2021-09-08T15:55:45.382+0700	controller/handler.go:24	[GoAdmin] [37;44m 200 [0m [37;104m POST   [0m /admin/new/users
2021-09-08T15:56:06.403+0700	controller/handler.go:24	[GoAdmin] [37;44m 200 [0m [37;104m GET   [0m /admin/info/projects
2021-09-08T15:56:08.342+0700	controller/handler.go:24	[GoAdmin] [37;44m 200 [0m [37;104m GET   [0m /admin/info/projects/new
2021-09-08T15:58:43.349+0700	controller/handler.go:24	[GoAdmin] [37;44m 200 [0m [37;104m GET   [0m /admin/info/users
2021-09-08T15:58:45.660+0700	controller/handler.go:24	[GoAdmin] [37;44m 200 [0m [37;104m GET   [0m /admin/info/users/new
2021-09-08T16:00:00.308+0700	controller/handler.go:24	[GoAdmin] [37;44m 200 [0m [37;104m GET   [0m /admin/info/users/new
2021-09-08T16:00:04.022+0700	controller/handler.go:24	[GoAdmin] [37;44m 200 [0m [37;104m GET   [0m /admin/info/users
2021-09-08T16:00:06.392+0700	controller/handler.go:24	[GoAdmin] [37;44m 200 [0m [37;104m GET   [0m /admin/info/users/new
2021-09-08T16:00:23.787+0700	controller/handler.go:24	[GoAdmin] [37;44m 200 [0m [37;104m POST   [0m /admin/new/users
2021-09-08T16:00:55.904+0700	controller/handler.go:24	[GoAdmin] [37;44m 200 [0m [37;104m POST   [0m /admin/new/users
2021-09-08T16:01:37.711+0700	controller/handler.go:24	[GoAdmin] [37;44m 200 [0m [37;104m GET   [0m /admin/info/users
2021-09-08T16:01:40.736+0700	controller/handler.go:24	[GoAdmin] [37;44m 200 [0m [37;104m POST   [0m /admin/delete/users
2021-09-08T16:01:40.773+0700	controller/handler.go:24	[GoAdmin] [37;44m 200 [0m [37;104m GET   [0m /admin/info/users
2021-09-08T16:01:56.652+0700	controller/handler.go:24	[GoAdmin] [37;44m 200 [0m [37;104m GET   [0m /admin/info/users/new
2021-09-08T16:02:06.756+0700	controller/handler.go:24	[GoAdmin] [37;44m 200 [0m [37;104m POST   [0m /admin/new/users
2021-09-08T16:04:07.927+0700	controller/handler.go:24	[GoAdmin] [37;44m 200 [0m [37;104m GET   [0m /admin/info/users/new
2021-09-08T16:04:28.090+0700	controller/handler.go:24	[GoAdmin] [37;44m 200 [0m [37;104m POST   [0m /admin/new/users
2021-09-08T16:06:34.363+0700	controller/handler.go:24	[GoAdmin] [37;44m 200 [0m [37;104m GET   [0m /admin/info/users
2021-09-08T16:06:34.397+0700	controller/handler.go:24	[GoAdmin] [37;44m 200 [0m [37;104m GET   [0m /admin/info/fcc3c3ef-8f75-4252-a855-c67404f6b55d.jpeg
2021-09-08T16:06:34.413+0700	controller/handler.go:24	[GoAdmin] [37;44m 200 [0m [37;104m GET   [0m /admin/info/31ce8c30-fd61-4cb9-9cb3-0a536fd15c56.jpeg
2021-09-08T16:07:48.026+0700	controller/handler.go:24	[GoAdmin] [37;44m 200 [0m [37;104m GET   [0m /admin/info/users
2021-09-08T16:07:48.057+0700	controller/handler.go:24	[GoAdmin] [37;44m 200 [0m [37;104m GET   [0m /admin/info/fcc3c3ef-8f75-4252-a855-c67404f6b55d.jpeg
2021-09-08T16:07:48.072+0700	controller/handler.go:24	[GoAdmin] [37;44m 200 [0m [37;104m GET   [0m /admin/info/31ce8c30-fd61-4cb9-9cb3-0a536fd15c56.jpeg
2021-09-08T16:08:02.868+0700	controller/handler.go:24	[GoAdmin] [37;44m 200 [0m [37;104m GET   [0m /admin/info/users
2021-09-08T16:08:02.896+0700	controller/handler.go:24	[GoAdmin] [37;44m 200 [0m [37;104m GET   [0m /admin/info/fcc3c3ef-8f75-4252-a855-c67404f6b55d.jpeg
2021-09-08T16:08:02.912+0700	controller/handler.go:24	[GoAdmin] [37;44m 200 [0m [37;104m GET   [0m /admin/info/31ce8c30-fd61-4cb9-9cb3-0a536fd15c56.jpeg
2021-09-08T16:08:05.941+0700	controller/handler.go:24	[GoAdmin] [37;44m 200 [0m [37;104m GET   [0m /admin/assets/dist/css/blue@2x.png
2021-09-08T16:09:00.828+0700	controller/handler.go:24	[GoAdmin] [37;44m 200 [0m [37;104m GET   [0m /admin/info/users
2021-09-08T16:09:22.103+0700	controller/handler.go:24	[GoAdmin] [37;44m 200 [0m [37;104m GET   [0m /admin/info/users
2021-09-08T16:09:53.902+0700	controller/handler.go:24	[GoAdmin] [37;44m 200 [0m [37;104m GET   [0m /admin/info/users/detail
2021-09-08T16:09:59.605+0700	controller/handler.go:24	[GoAdmin] [37;44m 200 [0m [37;104m GET   [0m /admin/info/users
2021-09-08T16:10:01.186+0700	controller/handler.go:24	[GoAdmin] [37;44m 200 [0m [37;104m GET   [0m /admin/info/users/detail
2021-09-08T16:10:03.804+0700	controller/handler.go:24	[GoAdmin] [37;44m 200 [0m [37;104m GET   [0m /admin/info/users
2021-09-08T16:10:21.438+0700	controller/handler.go:24	[GoAdmin] [37;44m 200 [0m [37;104m GET   [0m /admin/info/users
2021-09-08T16:37:16.358+0700	controller/handler.go:24	[GoAdmin] [37;44m 200 [0m [37;104m GET   [0m /admin/info/users
2021-09-08T17:02:48.826+0700	controller/handler.go:24	[GoAdmin] [37;44m 302 [0m [37;104m GET   [0m /admin/info/projects
2021-09-08T17:02:48.834+0700	controller/handler.go:24	[GoAdmin] [37;44m 200 [0m [37;104m GET   [0m /admin/login
2021-09-08T17:02:48.847+0700	controller/handler.go:24	[GoAdmin] [37;44m 302 [0m [37;104m GET   [0m /admin/info/projects
2021-09-08T17:02:48.851+0700	controller/handler.go:24	[GoAdmin] [37;44m 200 [0m [37;104m GET   [0m /admin/login
2021-09-08T17:02:53.027+0700	controller/handler.go:24	[GoAdmin] [37;44m 200 [0m [37;104m POST   [0m /admin/signin
2021-09-08T17:02:53.049+0700	controller/handler.go:24	[GoAdmin] [37;44m 200 [0m [37;104m GET   [0m /admin/info/users
2021-09-08T17:04:31.396+0700	controller/handler.go:24	[GoAdmin] [37;44m 200 [0m [37;104m GET   [0m /admin/info/projects
2021-09-08T17:04:33.557+0700	controller/handler.go:24	[GoAdmin] [37;44m 200 [0m [37;104m GET   [0m /admin/info/projects/new
2021-09-10T15:16:45.175+0700	controller/handler.go:24	[GoAdmin] [37;44m 200 [0m [37;104m GET   [0m /admin/login
2021-09-10T15:16:45.210+0700	controller/handler.go:24	[GoAdmin] [37;44m 200 [0m [37;104m GET   [0m /admin/assets/login/dist/all.min.css
2021-09-10T15:16:45.210+0700	controller/handler.go:24	[GoAdmin] [37;44m 200 [0m [37;104m GET   [0m /admin/assets/login/dist/all.min.js
2021-09-10T15:20:44.154+0700	controller/handler.go:24	[GoAdmin] [37;44m 200 [0m [37;104m POST   [0m /admin/signin
2021-09-10T15:20:44.205+0700	controller/handler.go:24	[GoAdmin] [37;44m 200 [0m [37;104m GET   [0m /admin/assets/dist/css/all.min.79250b7051.css
2021-09-10T15:20:44.210+0700	controller/handler.go:24	[GoAdmin] [37;44m 200 [0m [37;104m GET   [0m /admin/assets/dist/js/all.min.8425540791.js
2021-09-10T15:20:44.211+0700	controller/handler.go:24	[GoAdmin] [37;44m 200 [0m [37;104m GET   [0m /admin/assets/dist/js/datatable.min.581cdc109b.js
2021-09-10T15:20:44.230+0700	controller/handler.go:24	[GoAdmin] [37;44m 200 [0m [37;104m GET   [0m /admin/assets/dist/js/tree.min.e1faf8b7de.js
2021-09-10T15:20:44.236+0700	controller/handler.go:24	[GoAdmin] [37;44m 200 [0m [37;104m GET   [0m /admin/assets/dist/js/form.min.f8678914e9.js
2021-09-10T15:20:44.236+0700	controller/handler.go:24	[GoAdmin] [37;44m 200 [0m [37;104m GET   [0m /admin/assets/dist/js/treeview.min.7780d3bb0f.js
2021-09-10T15:20:44.238+0700	controller/handler.go:24	[GoAdmin] [37;44m 200 [0m [37;104m GET   [0m /admin/assets/dist/js/all_2.min.38a2a946b0.js
2021-09-10T15:20:44.238+0700	controller/handler.go:24	[GoAdmin] [37;44m 200 [0m [37;104m GET   [0m /admin/assets/dist/img/avatar04.png
2021-09-10T15:20:44.240+0700	controller/handler.go:24	[GoAdmin] [37;44m 200 [0m [37;104m GET   [0m /admin/assets/chart.min.js
2021-09-10T15:20:44.264+0700	controller/handler.go:24	[GoAdmin] [37;44m 200 [0m [37;104m GET   [0m /admin/assets/dist/fonts/fontawesome-webfont.woff2
2021-09-10T15:20:44.326+0700	controller/handler.go:24	[GoAdmin] [37;44m 200 [0m [37;104m GET   [0m /admin/assets/dist/css/fonts/6xK3dSBYKcSV-LCoeQqfX1RYOo3qOK7g.ttf
2021-09-10T15:20:44.350+0700	controller/handler.go:24	[GoAdmin] [37;44m 200 [0m [37;104m GET   [0m /admin/assets/dist/css/fonts/6xKydSBYKcSV-LCoeQqfX1RYOo3i54rwlxdr.ttf
2021-09-10T15:20:50.700+0700	controller/handler.go:24	[GoAdmin] [37;44m 200 [0m [37;104m GET   [0m /admin/info/projects
2021-09-10T15:20:50.715+0700	controller/handler.go:24	[GoAdmin] [37;44m 200 [0m [37;104m GET   [0m /admin/assets/dist/css/blue.png
2021-09-10T15:20:53.228+0700	controller/handler.go:24	[GoAdmin] [37;44m 200 [0m [37;104m GET   [0m /admin/info/users
2021-09-10T15:22:29.102+0700	controller/handler.go:24	[GoAdmin] [37;44m 200 [0m [37;104m GET   [0m /admin/assets/dist/css/blue@2x.png
2021-09-10T15:25:49.211+0700	controller/handler.go:24	[GoAdmin] [37;44m 200 [0m [37;104m GET   [0m /admin/info/projects
2021-09-10T15:25:50.731+0700	controller/handler.go:24	[GoAdmin] [37;44m 200 [0m [37;104m GET   [0m /admin/info/projects/new
