2021-09-07T19:17:01.770+0700	[34mINFO[0m	engine/engine.go:402	=====> Initialize database connections
2021-09-07T19:17:01.782+0700	[34mINFO[0m	engine/engine.go:402	=====> Initialize configuration
2021-09-07T19:17:01.810+0700	[34mINFO[0m	engine/engine.go:402	=====> Initialize navigation buttons
2021-09-07T19:17:01.810+0700	[34mINFO[0m	engine/engine.go:402	=====> Initialize plugins
2021-09-07T19:17:01.810+0700	[34mINFO[0m	engine/engine.go:402	=====> Initialize successðŸºðŸº
2021-09-07T20:37:25.034+0700	[34mINFO[0m	engine/engine.go:402	=====> Initialize database connections
2021-09-07T20:37:25.038+0700	[34mINFO[0m	engine/engine.go:402	=====> Initialize configuration
2021-09-07T20:37:25.042+0700	[34mINFO[0m	engine/engine.go:402	=====> Initialize navigation buttons
2021-09-07T20:37:25.042+0700	[34mINFO[0m	engine/engine.go:402	=====> Initialize plugins
2021-09-07T20:37:25.042+0700	[34mINFO[0m	engine/engine.go:402	=====> Initialize successðŸºðŸº
2021-09-07T20:39:18.996+0700	[34mINFO[0m	engine/engine.go:402	=====> Initialize database connections
2021-09-07T20:39:19.001+0700	[34mINFO[0m	engine/engine.go:402	=====> Initialize configuration
2021-09-07T20:39:19.003+0700	[34mINFO[0m	engine/engine.go:402	=====> Initialize navigation buttons
2021-09-07T20:39:19.003+0700	[34mINFO[0m	engine/engine.go:402	=====> Initialize plugins
2021-09-07T20:39:19.004+0700	[34mINFO[0m	engine/engine.go:402	=====> Initialize successðŸºðŸº
2021-09-07T20:47:55.341+0700	[34mINFO[0m	engine/engine.go:402	=====> Initialize database connections
2021-09-07T20:47:55.345+0700	[34mINFO[0m	engine/engine.go:402	=====> Initialize configuration
2021-09-07T20:47:55.348+0700	[34mINFO[0m	engine/engine.go:402	=====> Initialize navigation buttons
2021-09-07T20:47:55.348+0700	[34mINFO[0m	engine/engine.go:402	=====> Initialize plugins
2021-09-07T20:47:55.348+0700	[34mINFO[0m	engine/engine.go:402	=====> Initialize successðŸºðŸº
2021-09-07T20:53:05.070+0700	[34mINFO[0m	engine/engine.go:402	=====> Initialize database connections
2021-09-07T20:53:05.075+0700	[34mINFO[0m	engine/engine.go:402	=====> Initialize configuration
2021-09-07T20:53:05.077+0700	[34mINFO[0m	engine/engine.go:402	=====> Initialize navigation buttons
2021-09-07T20:53:05.077+0700	[34mINFO[0m	engine/engine.go:402	=====> Initialize plugins
2021-09-08T14:48:48.028+0700	[34mINFO[0m	engine/engine.go:402	=====> Initialize database connections
2021-09-08T14:48:48.036+0700	[34mINFO[0m	engine/engine.go:402	=====> Initialize configuration
2021-09-08T14:48:48.040+0700	[34mINFO[0m	engine/engine.go:402	=====> Initialize navigation buttons
2021-09-08T14:48:48.041+0700	[34mINFO[0m	engine/engine.go:402	=====> Initialize plugins
2021-09-08T14:48:48.041+0700	[34mINFO[0m	engine/engine.go:402	=====> Initialize successðŸºðŸº
2021-09-08T14:57:35.445+0700	[34mINFO[0m	engine/engine.go:402	=====> Initialize database connections
2021-09-08T14:57:35.449+0700	[34mINFO[0m	engine/engine.go:402	=====> Initialize configuration
2021-09-08T14:57:35.451+0700	[34mINFO[0m	engine/engine.go:402	=====> Initialize navigation buttons
2021-09-08T14:57:35.452+0700	[34mINFO[0m	engine/engine.go:402	=====> Initialize plugins
2021-09-08T14:57:35.452+0700	[34mINFO[0m	engine/engine.go:402	=====> Initialize successðŸºðŸº
2021-09-08T15:00:13.792+0700	[34mINFO[0m	engine/engine.go:402	=====> Initialize database connections
2021-09-08T15:00:13.796+0700	[34mINFO[0m	engine/engine.go:402	=====> Initialize configuration
2021-09-08T15:00:13.798+0700	[34mINFO[0m	engine/engine.go:402	=====> Initialize navigation buttons
2021-09-08T15:00:13.798+0700	[34mINFO[0m	engine/engine.go:402	=====> Initialize plugins
2021-09-08T15:00:13.798+0700	[34mINFO[0m	engine/engine.go:402	=====> Initialize successðŸºðŸº
2021-09-08T15:01:05.529+0700	[34mINFO[0m	engine/engine.go:402	=====> Initialize database connections
2021-09-08T15:01:05.533+0700	[34mINFO[0m	engine/engine.go:402	=====> Initialize configuration
2021-09-08T15:01:05.536+0700	[34mINFO[0m	engine/engine.go:402	=====> Initialize navigation buttons
2021-09-08T15:01:05.536+0700	[34mINFO[0m	engine/engine.go:402	=====> Initialize plugins
2021-09-08T15:01:05.536+0700	[34mINFO[0m	engine/engine.go:402	=====> Initialize successðŸºðŸº
2021-09-08T15:03:42.725+0700	[34mINFO[0m	engine/engine.go:402	=====> Initialize database connections
2021-09-08T15:03:42.729+0700	[34mINFO[0m	engine/engine.go:402	=====> Initialize configuration
2021-09-08T15:03:42.732+0700	[34mINFO[0m	engine/engine.go:402	=====> Initialize navigation buttons
2021-09-08T15:03:42.732+0700	[34mINFO[0m	engine/engine.go:402	=====> Initialize plugins
2021-09-08T15:03:42.732+0700	[34mINFO[0m	engine/engine.go:402	=====> Initialize successðŸºðŸº
2021-09-08T15:21:40.155+0700	[34mINFO[0m	engine/engine.go:402	=====> Initialize database connections
2021-09-08T15:21:40.159+0700	[34mINFO[0m	engine/engine.go:402	=====> Initialize configuration
2021-09-08T15:21:40.162+0700	[34mINFO[0m	engine/engine.go:402	=====> Initialize navigation buttons
2021-09-08T15:21:40.162+0700	[34mINFO[0m	engine/engine.go:402	=====> Initialize plugins
2021-09-08T15:21:40.162+0700	[34mINFO[0m	engine/engine.go:402	=====> Initialize successðŸºðŸº
2021-09-08T15:23:58.984+0700	[34mINFO[0m	engine/engine.go:402	=====> Initialize database connections
2021-09-08T15:23:58.989+0700	[34mINFO[0m	engine/engine.go:402	=====> Initialize configuration
2021-09-08T15:23:58.991+0700	[34mINFO[0m	engine/engine.go:402	=====> Initialize navigation buttons
2021-09-08T15:23:58.991+0700	[34mINFO[0m	engine/engine.go:402	=====> Initialize plugins
2021-09-08T15:23:58.992+0700	[34mINFO[0m	engine/engine.go:402	=====> Initialize successðŸºðŸº
2021-09-08T15:35:35.404+0700	[34mINFO[0m	engine/engine.go:402	=====> Initialize database connections
2021-09-08T15:35:35.408+0700	[34mINFO[0m	engine/engine.go:402	=====> Initialize configuration
2021-09-08T15:35:35.411+0700	[34mINFO[0m	engine/engine.go:402	=====> Initialize navigation buttons
2021-09-08T15:35:35.411+0700	[34mINFO[0m	engine/engine.go:402	=====> Initialize plugins
2021-09-08T15:35:35.411+0700	[34mINFO[0m	engine/engine.go:402	=====> Initialize successðŸºðŸº
2021-09-08T15:40:14.387+0700	[34mINFO[0m	engine/engine.go:402	=====> Initialize database connections
2021-09-08T15:40:14.392+0700	[34mINFO[0m	engine/engine.go:402	=====> Initialize configuration
2021-09-08T15:40:14.394+0700	[34mINFO[0m	engine/engine.go:402	=====> Initialize navigation buttons
2021-09-08T15:40:14.394+0700	[34mINFO[0m	engine/engine.go:402	=====> Initialize plugins
2021-09-08T15:40:14.394+0700	[34mINFO[0m	engine/engine.go:402	=====> Initialize successðŸºðŸº
2021-09-08T15:40:28.945+0700	[34mINFO[0m	engine/engine.go:402	=====> Initialize database connections
2021-09-08T15:40:28.949+0700	[34mINFO[0m	engine/engine.go:402	=====> Initialize configuration
2021-09-08T15:40:28.952+0700	[34mINFO[0m	engine/engine.go:402	=====> Initialize navigation buttons
2021-09-08T15:40:28.952+0700	[34mINFO[0m	engine/engine.go:402	=====> Initialize plugins
2021-09-08T15:40:28.952+0700	[34mINFO[0m	engine/engine.go:402	=====> Initialize successðŸºðŸº
2021-09-08T15:52:22.523+0700	[34mINFO[0m	engine/engine.go:402	=====> Initialize database connections
2021-09-08T15:52:22.527+0700	[34mINFO[0m	engine/engine.go:402	=====> Initialize configuration
2021-09-08T15:52:22.529+0700	[34mINFO[0m	engine/engine.go:402	=====> Initialize navigation buttons
2021-09-08T15:52:22.530+0700	[34mINFO[0m	engine/engine.go:402	=====> Initialize plugins
2021-09-08T15:52:22.530+0700	[34mINFO[0m	engine/engine.go:402	=====> Initialize successðŸºðŸº
2021-09-08T15:55:21.529+0700	[34mINFO[0m	engine/engine.go:402	=====> Initialize database connections
2021-09-08T15:55:21.533+0700	[34mINFO[0m	engine/engine.go:402	=====> Initialize configuration
2021-09-08T15:55:21.535+0700	[34mINFO[0m	engine/engine.go:402	=====> Initialize navigation buttons
2021-09-08T15:55:21.535+0700	[34mINFO[0m	engine/engine.go:402	=====> Initialize plugins
2021-09-08T15:55:21.536+0700	[34mINFO[0m	engine/engine.go:402	=====> Initialize successðŸºðŸº
2021-09-08T15:58:42.730+0700	[34mINFO[0m	engine/engine.go:402	=====> Initialize database connections
2021-09-08T15:58:42.734+0700	[34mINFO[0m	engine/engine.go:402	=====> Initialize configuration
2021-09-08T15:58:42.737+0700	[34mINFO[0m	engine/engine.go:402	=====> Initialize navigation buttons
2021-09-08T15:58:42.737+0700	[34mINFO[0m	engine/engine.go:402	=====> Initialize plugins
2021-09-08T15:58:42.737+0700	[34mINFO[0m	engine/engine.go:402	=====> Initialize successðŸºðŸº
2021-09-08T15:59:24.436+0700	[34mINFO[0m	engine/engine.go:402	=====> Initialize database connections
2021-09-08T15:59:24.441+0700	[34mINFO[0m	engine/engine.go:402	=====> Initialize configuration
2021-09-08T15:59:24.443+0700	[34mINFO[0m	engine/engine.go:402	=====> Initialize navigation buttons
2021-09-08T15:59:24.443+0700	[34mINFO[0m	engine/engine.go:402	=====> Initialize plugins
2021-09-08T15:59:24.443+0700	[34mINFO[0m	engine/engine.go:402	=====> Initialize successðŸºðŸº
2021-09-08T16:01:35.463+0700	[34mINFO[0m	engine/engine.go:402	=====> Initialize database connections
2021-09-08T16:01:35.467+0700	[34mINFO[0m	engine/engine.go:402	=====> Initialize configuration
2021-09-08T16:01:35.470+0700	[34mINFO[0m	engine/engine.go:402	=====> Initialize navigation buttons
2021-09-08T16:01:35.470+0700	[34mINFO[0m	engine/engine.go:402	=====> Initialize plugins
2021-09-08T16:01:35.470+0700	[34mINFO[0m	engine/engine.go:402	=====> Initialize successðŸºðŸº
2021-09-08T16:04:05.829+0700	[34mINFO[0m	engine/engine.go:402	=====> Initialize database connections
2021-09-08T16:04:05.833+0700	[34mINFO[0m	engine/engine.go:402	=====> Initialize configuration
2021-09-08T16:04:05.836+0700	[34mINFO[0m	engine/engine.go:402	=====> Initialize navigation buttons
2021-09-08T16:04:05.836+0700	[34mINFO[0m	engine/engine.go:402	=====> Initialize plugins
2021-09-08T16:04:05.836+0700	[34mINFO[0m	engine/engine.go:402	=====> Initialize successðŸºðŸº
2021-09-08T16:06:31.638+0700	[34mINFO[0m	engine/engine.go:402	=====> Initialize database connections
2021-09-08T16:06:31.642+0700	[34mINFO[0m	engine/engine.go:402	=====> Initialize configuration
2021-09-08T16:06:31.645+0700	[34mINFO[0m	engine/engine.go:402	=====> Initialize navigation buttons
2021-09-08T16:06:31.645+0700	[34mINFO[0m	engine/engine.go:402	=====> Initialize plugins
2021-09-08T16:06:31.645+0700	[34mINFO[0m	engine/engine.go:402	=====> Initialize successðŸºðŸº
2021-09-08T16:08:57.164+0700	[34mINFO[0m	engine/engine.go:402	=====> Initialize database connections
2021-09-08T16:08:57.168+0700	[34mINFO[0m	engine/engine.go:402	=====> Initialize configuration
2021-09-08T16:08:57.171+0700	[34mINFO[0m	engine/engine.go:402	=====> Initialize navigation buttons
2021-09-08T16:08:57.171+0700	[34mINFO[0m	engine/engine.go:402	=====> Initialize plugins
2021-09-08T16:08:57.171+0700	[34mINFO[0m	engine/engine.go:402	=====> Initialize successðŸºðŸº
2021-09-08T16:09:19.637+0700	[34mINFO[0m	engine/engine.go:402	=====> Initialize database connections
2021-09-08T16:09:19.642+0700	[34mINFO[0m	engine/engine.go:402	=====> Initialize configuration
2021-09-08T16:09:19.644+0700	[34mINFO[0m	engine/engine.go:402	=====> Initialize navigation buttons
2021-09-08T16:09:19.644+0700	[34mINFO[0m	engine/engine.go:402	=====> Initialize plugins
2021-09-08T16:09:19.644+0700	[34mINFO[0m	engine/engine.go:402	=====> Initialize successðŸºðŸº
2021-09-08T16:10:18.454+0700	[34mINFO[0m	engine/engine.go:402	=====> Initialize database connections
2021-09-08T16:10:18.459+0700	[34mINFO[0m	engine/engine.go:402	=====> Initialize configuration
2021-09-08T16:10:18.461+0700	[34mINFO[0m	engine/engine.go:402	=====> Initialize navigation buttons
2021-09-08T16:10:18.461+0700	[34mINFO[0m	engine/engine.go:402	=====> Initialize plugins
2021-09-08T16:10:18.461+0700	[34mINFO[0m	engine/engine.go:402	=====> Initialize successðŸºðŸº
2021-09-10T15:16:06.434+0700	[34mINFO[0m	engine/engine.go:402	=====> Initialize database connections
2021-09-10T15:16:06.442+0700	[34mINFO[0m	engine/engine.go:402	=====> Initialize configuration
2021-09-10T15:16:06.446+0700	[34mINFO[0m	engine/engine.go:402	=====> Initialize navigation buttons
2021-09-10T15:16:06.446+0700	[34mINFO[0m	engine/engine.go:402	=====> Initialize plugins
2021-09-10T15:16:06.446+0700	[34mINFO[0m	engine/engine.go:402	=====> Initialize successðŸºðŸº
2021-09-20T17:29:12.397+0700	[34mINFO[0m	engine/engine.go:402	=====> Initialize database connections
2021-09-20T17:29:12.418+0700	[34mINFO[0m	engine/engine.go:402	=====> Initialize configuration
2021-09-20T17:29:12.423+0700	[34mINFO[0m	engine/engine.go:402	=====> Initialize navigation buttons
2021-09-20T17:29:12.423+0700	[34mINFO[0m	engine/engine.go:402	=====> Initialize plugins
2021-09-20T17:29:12.423+0700	[34mINFO[0m	engine/engine.go:402	=====> Initialize successðŸºðŸº
2021-09-20T17:30:20.978+0700	[34mINFO[0m	engine/engine.go:402	=====> Initialize database connections
2021-09-20T17:30:20.982+0700	[34mINFO[0m	engine/engine.go:402	=====> Initialize configuration
2021-09-20T17:30:20.985+0700	[34mINFO[0m	engine/engine.go:402	=====> Initialize navigation buttons
2021-09-20T17:30:20.985+0700	[34mINFO[0m	engine/engine.go:402	=====> Initialize plugins
2021-09-20T17:30:20.985+0700	[34mINFO[0m	engine/engine.go:402	=====> Initialize successðŸºðŸº
2021-09-20T17:33:30.305+0700	[34mINFO[0m	engine/engine.go:402	=====> Initialize database connections
2021-09-20T17:33:30.309+0700	[34mINFO[0m	engine/engine.go:402	=====> Initialize configuration
2021-09-20T17:33:30.311+0700	[34mINFO[0m	engine/engine.go:402	=====> Initialize navigation buttons
2021-09-20T17:33:30.311+0700	[34mINFO[0m	engine/engine.go:402	=====> Initialize plugins
2021-09-20T17:33:30.312+0700	[34mINFO[0m	engine/engine.go:402	=====> Initialize successðŸºðŸº
2021-09-20T17:36:26.514+0700	[34mINFO[0m	engine/engine.go:402	=====> Initialize database connections
2021-09-20T17:36:26.518+0700	[34mINFO[0m	engine/engine.go:402	=====> Initialize configuration
2021-09-20T17:36:26.520+0700	[34mINFO[0m	engine/engine.go:402	=====> Initialize navigation buttons
2021-09-20T17:36:26.521+0700	[34mINFO[0m	engine/engine.go:402	=====> Initialize plugins
2021-09-20T17:36:26.521+0700	[34mINFO[0m	engine/engine.go:402	=====> Initialize successðŸºðŸº
2021-09-20T17:40:37.842+0700	[34mINFO[0m	engine/engine.go:402	=====> Initialize database connections
2021-09-20T17:40:37.846+0700	[34mINFO[0m	engine/engine.go:402	=====> Initialize configuration
2021-09-20T17:40:37.848+0700	[34mINFO[0m	engine/engine.go:402	=====> Initialize navigation buttons
2021-09-20T17:40:37.849+0700	[34mINFO[0m	engine/engine.go:402	=====> Initialize plugins
2021-09-20T17:40:37.849+0700	[34mINFO[0m	engine/engine.go:402	=====> Initialize successðŸºðŸº
2021-09-20T17:41:08.313+0700	[34mINFO[0m	engine/engine.go:402	=====> Initialize database connections
2021-09-20T17:41:08.317+0700	[34mINFO[0m	engine/engine.go:402	=====> Initialize configuration
2021-09-20T17:41:08.319+0700	[34mINFO[0m	engine/engine.go:402	=====> Initialize navigation buttons
2021-09-20T17:41:08.320+0700	[34mINFO[0m	engine/engine.go:402	=====> Initialize plugins
2021-09-20T17:41:08.320+0700	[34mINFO[0m	engine/engine.go:402	=====> Initialize successðŸºðŸº
2021-09-20T17:42:10.170+0700	[34mINFO[0m	engine/engine.go:402	=====> Initialize database connections
2021-09-20T17:42:10.174+0700	[34mINFO[0m	engine/engine.go:402	=====> Initialize configuration
2021-09-20T17:42:10.176+0700	[34mINFO[0m	engine/engine.go:402	=====> Initialize navigation buttons
2021-09-20T17:42:10.176+0700	[34mINFO[0m	engine/engine.go:402	=====> Initialize plugins
2021-09-20T17:42:10.176+0700	[34mINFO[0m	engine/engine.go:402	=====> Initialize successðŸºðŸº
2021-09-20T17:43:15.234+0700	[34mINFO[0m	engine/engine.go:402	=====> Initialize database connections
2021-09-20T17:43:15.238+0700	[34mINFO[0m	engine/engine.go:402	=====> Initialize configuration
2021-09-20T17:43:15.240+0700	[34mINFO[0m	engine/engine.go:402	=====> Initialize navigation buttons
2021-09-20T17:43:15.240+0700	[34mINFO[0m	engine/engine.go:402	=====> Initialize plugins
2021-09-20T17:43:15.241+0700	[34mINFO[0m	engine/engine.go:402	=====> Initialize successðŸºðŸº
2021-09-20T17:44:45.726+0700	[34mINFO[0m	engine/engine.go:402	=====> Initialize database connections
2021-09-20T17:44:45.730+0700	[34mINFO[0m	engine/engine.go:402	=====> Initialize configuration
2021-09-20T17:44:45.732+0700	[34mINFO[0m	engine/engine.go:402	=====> Initialize navigation buttons
2021-09-20T17:44:45.733+0700	[34mINFO[0m	engine/engine.go:402	=====> Initialize plugins
2021-09-20T17:44:45.733+0700	[34mINFO[0m	engine/engine.go:402	=====> Initialize successðŸºðŸº
2021-09-21T11:11:01.787+0700	[34mINFO[0m	engine/engine.go:402	=====> Initialize database connections
2021-09-29T10:57:30.958+0700	[34mINFO[0m	engine/engine.go:402	=====> Initialize database connections
2021-09-29T10:59:23.967+0700	[34mINFO[0m	engine/engine.go:402	=====> Initialize database connections
2021-09-29T10:59:23.985+0700	[34mINFO[0m	engine/engine.go:402	=====> Initialize configuration
2021-09-29T10:59:23.989+0700	[34mINFO[0m	engine/engine.go:402	=====> Initialize navigation buttons
2021-09-29T10:59:23.990+0700	[34mINFO[0m	engine/engine.go:402	=====> Initialize plugins
2021-09-29T10:59:23.994+0700	[34mINFO[0m	engine/engine.go:402	=====> Initialize successðŸºðŸº
2021-09-29T11:22:29.712+0700	[34mINFO[0m	engine/engine.go:402	=====> Initialize database connections
2021-09-29T11:22:29.716+0700	[34mINFO[0m	engine/engine.go:402	=====> Initialize configuration
2021-09-29T11:22:29.719+0700	[34mINFO[0m	engine/engine.go:402	=====> Initialize navigation buttons
2021-09-29T11:22:29.719+0700	[34mINFO[0m	engine/engine.go:402	=====> Initialize plugins
2021-09-29T11:22:29.719+0700	[34mINFO[0m	engine/engine.go:402	=====> Initialize successðŸºðŸº
2021-09-29T11:23:45.795+0700	[34mINFO[0m	engine/engine.go:402	=====> Initialize database connections
2021-09-29T11:23:45.799+0700	[34mINFO[0m	engine/engine.go:402	=====> Initialize configuration
2021-09-29T11:23:45.802+0700	[34mINFO[0m	engine/engine.go:402	=====> Initialize navigation buttons
2021-09-29T11:23:45.802+0700	[34mINFO[0m	engine/engine.go:402	=====> Initialize plugins
2021-09-29T11:23:45.802+0700	[34mINFO[0m	engine/engine.go:402	=====> Initialize successðŸºðŸº
2021-09-29T11:24:32.322+0700	[34mINFO[0m	engine/engine.go:402	=====> Initialize database connections
2021-09-29T11:24:32.326+0700	[34mINFO[0m	engine/engine.go:402	=====> Initialize configuration
2021-09-29T11:24:32.328+0700	[34mINFO[0m	engine/engine.go:402	=====> Initialize navigation buttons
2021-09-29T11:24:32.328+0700	[34mINFO[0m	engine/engine.go:402	=====> Initialize plugins
2021-09-29T11:24:32.329+0700	[34mINFO[0m	engine/engine.go:402	=====> Initialize successðŸºðŸº
2021-09-29T11:37:02.754+0700	[34mINFO[0m	engine/engine.go:402	=====> Initialize database connections
2021-09-29T11:37:02.758+0700	[34mINFO[0m	engine/engine.go:402	=====> Initialize configuration
2021-09-29T11:37:02.760+0700	[34mINFO[0m	engine/engine.go:402	=====> Initialize navigation buttons
2021-09-29T11:37:02.761+0700	[34mINFO[0m	engine/engine.go:402	=====> Initialize plugins
2021-09-29T11:37:02.761+0700	[34mINFO[0m	engine/engine.go:402	=====> Initialize successðŸºðŸº
2021-09-29T11:37:47.649+0700	[34mINFO[0m	engine/engine.go:402	=====> Initialize database connections
2021-09-29T11:37:47.653+0700	[34mINFO[0m	engine/engine.go:402	=====> Initialize configuration
2021-09-29T11:37:47.656+0700	[34mINFO[0m	engine/engine.go:402	=====> Initialize navigation buttons
2021-09-29T11:37:47.656+0700	[34mINFO[0m	engine/engine.go:402	=====> Initialize plugins
2021-09-29T11:37:47.656+0700	[34mINFO[0m	engine/engine.go:402	=====> Initialize successðŸºðŸº
2021-09-29T11:38:41.911+0700	[34mINFO[0m	engine/engine.go:402	=====> Initialize database connections
2021-09-29T11:38:41.915+0700	[34mINFO[0m	engine/engine.go:402	=====> Initialize configuration
2021-09-29T11:38:41.917+0700	[34mINFO[0m	engine/engine.go:402	=====> Initialize navigation buttons
2021-09-29T11:38:41.917+0700	[34mINFO[0m	engine/engine.go:402	=====> Initialize plugins
2021-09-29T11:38:41.917+0700	[34mINFO[0m	engine/engine.go:402	=====> Initialize successðŸºðŸº
2021-09-29T11:39:36.409+0700	[34mINFO[0m	engine/engine.go:402	=====> Initialize database connections
2021-09-29T11:39:36.413+0700	[34mINFO[0m	engine/engine.go:402	=====> Initialize configuration
2021-09-29T11:39:36.415+0700	[34mINFO[0m	engine/engine.go:402	=====> Initialize navigation buttons
2021-09-29T11:39:36.415+0700	[34mINFO[0m	engine/engine.go:402	=====> Initialize plugins
2021-09-29T11:39:36.416+0700	[34mINFO[0m	engine/engine.go:402	=====> Initialize successðŸºðŸº
2021-09-29T11:40:09.753+0700	[34mINFO[0m	engine/engine.go:402	=====> Initialize database connections
2021-09-29T11:40:09.757+0700	[34mINFO[0m	engine/engine.go:402	=====> Initialize configuration
2021-09-29T11:40:09.760+0700	[34mINFO[0m	engine/engine.go:402	=====> Initialize navigation buttons
2021-09-29T11:40:09.760+0700	[34mINFO[0m	engine/engine.go:402	=====> Initialize plugins
2021-09-29T11:40:09.760+0700	[34mINFO[0m	engine/engine.go:402	=====> Initialize successðŸºðŸº
2021-09-29T11:41:12.591+0700	[34mINFO[0m	engine/engine.go:402	=====> Initialize database connections
2021-09-29T11:41:12.595+0700	[34mINFO[0m	engine/engine.go:402	=====> Initialize configuration
2021-09-29T11:41:12.597+0700	[34mINFO[0m	engine/engine.go:402	=====> Initialize navigation buttons
2021-09-29T11:41:12.598+0700	[34mINFO[0m	engine/engine.go:402	=====> Initialize plugins
2021-09-29T11:41:12.598+0700	[34mINFO[0m	engine/engine.go:402	=====> Initialize successðŸºðŸº
2021-09-29T11:41:46.732+0700	[34mINFO[0m	engine/engine.go:402	=====> Initialize database connections
2021-09-29T11:41:46.736+0700	[34mINFO[0m	engine/engine.go:402	=====> Initialize configuration
2021-09-29T11:41:46.739+0700	[34mINFO[0m	engine/engine.go:402	=====> Initialize navigation buttons
2021-09-29T11:41:46.739+0700	[34mINFO[0m	engine/engine.go:402	=====> Initialize plugins
2021-09-29T11:41:46.739+0700	[34mINFO[0m	engine/engine.go:402	=====> Initialize successðŸºðŸº
2021-09-29T11:43:01.053+0700	[34mINFO[0m	engine/engine.go:402	=====> Initialize database connections
2021-09-29T11:43:01.057+0700	[34mINFO[0m	engine/engine.go:402	=====> Initialize configuration
2021-09-29T11:43:01.060+0700	[34mINFO[0m	engine/engine.go:402	=====> Initialize navigation buttons
2021-09-29T11:43:01.060+0700	[34mINFO[0m	engine/engine.go:402	=====> Initialize plugins
2021-09-29T11:43:01.060+0700	[34mINFO[0m	engine/engine.go:402	=====> Initialize successðŸºðŸº
2021-09-29T11:44:48.094+0700	[34mINFO[0m	engine/engine.go:402	=====> Initialize database connections
2021-09-29T11:44:48.098+0700	[34mINFO[0m	engine/engine.go:402	=====> Initialize configuration
2021-09-29T11:44:48.100+0700	[34mINFO[0m	engine/engine.go:402	=====> Initialize navigation buttons
2021-09-29T11:44:48.101+0700	[34mINFO[0m	engine/engine.go:402	=====> Initialize plugins
2021-09-29T11:44:48.101+0700	[34mINFO[0m	engine/engine.go:402	=====> Initialize successðŸºðŸº
2021-09-29T11:46:02.764+0700	[34mINFO[0m	engine/engine.go:402	=====> Initialize database connections
2021-09-29T11:46:02.768+0700	[34mINFO[0m	engine/engine.go:402	=====> Initialize configuration
2021-09-29T11:46:02.770+0700	[34mINFO[0m	engine/engine.go:402	=====> Initialize navigation buttons
2021-09-29T11:46:02.770+0700	[34mINFO[0m	engine/engine.go:402	=====> Initialize plugins
2021-09-29T11:46:02.770+0700	[34mINFO[0m	engine/engine.go:402	=====> Initialize successðŸºðŸº
2021-09-29T11:46:48.854+0700	[34mINFO[0m	engine/engine.go:402	=====> Initialize database connections
2021-09-29T11:46:48.857+0700	[34mINFO[0m	engine/engine.go:402	=====> Initialize configuration
2021-09-29T11:46:48.860+0700	[34mINFO[0m	engine/engine.go:402	=====> Initialize navigation buttons
2021-09-29T11:46:48.860+0700	[34mINFO[0m	engine/engine.go:402	=====> Initialize plugins
2021-09-29T11:46:48.860+0700	[34mINFO[0m	engine/engine.go:402	=====> Initialize successðŸºðŸº
2021-09-29T11:49:34.506+0700	[34mINFO[0m	engine/engine.go:402	=====> Initialize database connections
2021-09-29T11:49:34.510+0700	[34mINFO[0m	engine/engine.go:402	=====> Initialize configuration
2021-09-29T11:49:34.512+0700	[34mINFO[0m	engine/engine.go:402	=====> Initialize navigation buttons
2021-09-29T11:49:34.512+0700	[34mINFO[0m	engine/engine.go:402	=====> Initialize plugins
2021-09-29T11:49:34.512+0700	[34mINFO[0m	engine/engine.go:402	=====> Initialize successðŸºðŸº
2021-09-29T11:50:17.927+0700	[34mINFO[0m	engine/engine.go:402	=====> Initialize database connections
2021-09-29T11:50:17.931+0700	[34mINFO[0m	engine/engine.go:402	=====> Initialize configuration
2021-09-29T11:50:17.933+0700	[34mINFO[0m	engine/engine.go:402	=====> Initialize navigation buttons
2021-09-29T11:50:17.934+0700	[34mINFO[0m	engine/engine.go:402	=====> Initialize plugins
2021-09-29T11:50:17.934+0700	[34mINFO[0m	engine/engine.go:402	=====> Initialize successðŸºðŸº
2021-09-29T17:59:52.104+0700	[34mINFO[0m	engine/engine.go:402	=====> Initialize database connections
2021-09-29T17:59:52.108+0700	[34mINFO[0m	engine/engine.go:402	=====> Initialize configuration
2021-09-29T17:59:52.110+0700	[34mINFO[0m	engine/engine.go:402	=====> Initialize navigation buttons
2021-09-29T17:59:52.111+0700	[34mINFO[0m	engine/engine.go:402	=====> Initialize plugins
2021-09-29T17:59:52.111+0700	[34mINFO[0m	engine/engine.go:402	=====> Initialize successðŸºðŸº
2021-09-29T18:05:37.164+0700	[34mINFO[0m	engine/engine.go:402	=====> Initialize database connections
2021-09-29T18:05:37.168+0700	[34mINFO[0m	engine/engine.go:402	=====> Initialize configuration
2021-09-29T18:05:37.170+0700	[34mINFO[0m	engine/engine.go:402	=====> Initialize navigation buttons
2021-09-29T18:05:37.170+0700	[34mINFO[0m	engine/engine.go:402	=====> Initialize plugins
2021-09-29T18:05:37.170+0700	[34mINFO[0m	engine/engine.go:402	=====> Initialize successðŸºðŸº
2021-09-29T18:10:46.233+0700	[34mINFO[0m	engine/engine.go:402	=====> Initialize database connections
2021-09-29T18:14:02.071+0700	[34mINFO[0m	engine/engine.go:402	=====> Initialize database connections
2021-09-29T18:14:02.075+0700	[34mINFO[0m	engine/engine.go:402	=====> Initialize configuration
2021-09-29T18:14:02.078+0700	[34mINFO[0m	engine/engine.go:402	=====> Initialize navigation buttons
2021-09-29T18:14:02.078+0700	[34mINFO[0m	engine/engine.go:402	=====> Initialize plugins
2021-09-29T18:14:02.078+0700	[34mINFO[0m	engine/engine.go:402	=====> Initialize successðŸºðŸº
2021-09-29T18:16:34.758+0700	[34mINFO[0m	engine/engine.go:402	=====> Initialize database connections
2021-09-29T18:17:10.904+0700	[34mINFO[0m	engine/engine.go:402	=====> Initialize database connections
2021-09-29T18:17:10.909+0700	[34mINFO[0m	engine/engine.go:402	=====> Initialize configuration
2021-09-29T18:17:10.912+0700	[34mINFO[0m	engine/engine.go:402	=====> Initialize navigation buttons
2021-09-29T18:17:10.913+0700	[34mINFO[0m	engine/engine.go:402	=====> Initialize plugins
2021-09-29T18:17:10.913+0700	[34mINFO[0m	engine/engine.go:402	=====> Initialize successðŸºðŸº
2021-09-29T18:37:01.129+0700	[34mINFO[0m	engine/engine.go:402	=====> Initialize database connections
2021-09-29T18:37:01.134+0700	[34mINFO[0m	engine/engine.go:402	=====> Initialize configuration
2021-09-29T18:37:01.138+0700	[34mINFO[0m	engine/engine.go:402	=====> Initialize navigation buttons
2021-09-29T18:37:01.138+0700	[34mINFO[0m	engine/engine.go:402	=====> Initialize plugins
2021-09-29T18:37:01.138+0700	[34mINFO[0m	engine/engine.go:402	=====> Initialize successðŸºðŸº
2021-09-29T19:09:50.010+0700	[34mINFO[0m	engine/engine.go:402	=====> Initialize database connections
2021-09-29T19:09:50.015+0700	[34mINFO[0m	engine/engine.go:402	=====> Initialize configuration
2021-09-29T19:09:50.019+0700	[34mINFO[0m	engine/engine.go:402	=====> Initialize navigation buttons
2021-09-29T19:09:50.019+0700	[34mINFO[0m	engine/engine.go:402	=====> Initialize plugins
2021-09-29T19:09:50.019+0700	[34mINFO[0m	engine/engine.go:402	=====> Initialize successðŸºðŸº
2021-09-29T19:12:11.670+0700	[34mINFO[0m	engine/engine.go:402	=====> Initialize database connections
2021-09-29T19:12:11.675+0700	[34mINFO[0m	engine/engine.go:402	=====> Initialize configuration
2021-09-29T19:12:11.679+0700	[34mINFO[0m	engine/engine.go:402	=====> Initialize navigation buttons
2021-09-29T19:12:11.679+0700	[34mINFO[0m	engine/engine.go:402	=====> Initialize plugins
2021-09-29T19:12:11.679+0700	[34mINFO[0m	engine/engine.go:402	=====> Initialize successðŸºðŸº
2021-09-29T19:14:36.683+0700	[34mINFO[0m	engine/engine.go:402	=====> Initialize database connections
2021-09-29T19:14:36.687+0700	[34mINFO[0m	engine/engine.go:402	=====> Initialize configuration
2021-09-29T19:14:36.691+0700	[34mINFO[0m	engine/engine.go:402	=====> Initialize navigation buttons
2021-09-29T19:14:36.691+0700	[34mINFO[0m	engine/engine.go:402	=====> Initialize plugins
2021-09-29T19:14:36.691+0700	[34mINFO[0m	engine/engine.go:402	=====> Initialize successðŸºðŸº
2021-09-29T19:35:17.576+0700	[34mINFO[0m	engine/engine.go:402	=====> Initialize database connections
2021-09-29T19:35:17.582+0700	[34mINFO[0m	engine/engine.go:402	=====> Initialize configuration
2021-09-29T19:35:17.586+0700	[34mINFO[0m	engine/engine.go:402	=====> Initialize navigation buttons
2021-09-29T19:35:17.586+0700	[34mINFO[0m	engine/engine.go:402	=====> Initialize plugins
2021-09-29T19:35:17.586+0700	[34mINFO[0m	engine/engine.go:402	=====> Initialize successðŸºðŸº
2021-09-29T19:48:54.904+0700	[34mINFO[0m	engine/engine.go:402	=====> Initialize database connections
2021-09-29T19:48:54.910+0700	[34mINFO[0m	engine/engine.go:402	=====> Initialize configuration
2021-09-29T19:48:54.914+0700	[34mINFO[0m	engine/engine.go:402	=====> Initialize navigation buttons
2021-09-29T19:48:54.914+0700	[34mINFO[0m	engine/engine.go:402	=====> Initialize plugins
2021-09-29T19:48:54.914+0700	[34mINFO[0m	engine/engine.go:402	=====> Initialize successðŸºðŸº
2021-09-29T19:50:31.260+0700	[34mINFO[0m	engine/engine.go:402	=====> Initialize database connections
2021-09-29T19:50:31.267+0700	[34mINFO[0m	engine/engine.go:402	=====> Initialize configuration
2021-09-29T19:50:31.270+0700	[34mINFO[0m	engine/engine.go:402	=====> Initialize navigation buttons
2021-09-29T19:50:31.270+0700	[34mINFO[0m	engine/engine.go:402	=====> Initialize plugins
2021-09-29T19:50:31.271+0700	[34mINFO[0m	engine/engine.go:402	=====> Initialize successðŸºðŸº
2021-09-29T19:52:03.366+0700	[34mINFO[0m	engine/engine.go:402	=====> Initialize database connections
2021-09-29T19:52:03.371+0700	[34mINFO[0m	engine/engine.go:402	=====> Initialize configuration
2021-09-29T19:52:03.374+0700	[34mINFO[0m	engine/engine.go:402	=====> Initialize navigation buttons
2021-09-29T19:52:03.375+0700	[34mINFO[0m	engine/engine.go:402	=====> Initialize plugins
2021-09-29T19:52:03.375+0700	[34mINFO[0m	engine/engine.go:402	=====> Initialize successðŸºðŸº
2021-09-29T19:52:46.405+0700	[34mINFO[0m	engine/engine.go:402	=====> Initialize database connections
2021-09-29T19:52:46.411+0700	[34mINFO[0m	engine/engine.go:402	=====> Initialize configuration
2021-09-29T19:52:46.415+0700	[34mINFO[0m	engine/engine.go:402	=====> Initialize navigation buttons
2021-09-29T19:52:46.416+0700	[34mINFO[0m	engine/engine.go:402	=====> Initialize plugins
2021-09-29T19:52:46.416+0700	[34mINFO[0m	engine/engine.go:402	=====> Initialize successðŸºðŸº
2021-09-30T10:03:30.824+0700	[34mINFO[0m	engine/engine.go:402	=====> Initialize database connections
2021-09-30T10:03:30.829+0700	[34mINFO[0m	engine/engine.go:402	=====> Initialize configuration
2021-09-30T10:03:30.833+0700	[34mINFO[0m	engine/engine.go:402	=====> Initialize navigation buttons
2021-09-30T10:03:30.833+0700	[34mINFO[0m	engine/engine.go:402	=====> Initialize plugins
2021-09-30T10:03:30.833+0700	[34mINFO[0m	engine/engine.go:402	=====> Initialize successðŸºðŸº
2021-09-30T10:47:50.613+0700	[34mINFO[0m	engine/engine.go:402	=====> Initialize database connections
2021-09-30T10:47:50.619+0700	[34mINFO[0m	engine/engine.go:402	=====> Initialize configuration
2021-09-30T10:47:50.623+0700	[34mINFO[0m	engine/engine.go:402	=====> Initialize navigation buttons
2021-09-30T10:47:50.623+0700	[34mINFO[0m	engine/engine.go:402	=====> Initialize plugins
2021-09-30T10:47:50.623+0700	[34mINFO[0m	engine/engine.go:402	=====> Initialize successðŸºðŸº
2021-09-30T10:58:23.628+0700	[34mINFO[0m	engine/engine.go:402	=====> Initialize database connections
2021-09-30T10:58:23.635+0700	[34mINFO[0m	engine/engine.go:402	=====> Initialize configuration
2021-09-30T10:58:23.639+0700	[34mINFO[0m	engine/engine.go:402	=====> Initialize navigation buttons
2021-09-30T10:58:23.639+0700	[34mINFO[0m	engine/engine.go:402	=====> Initialize plugins
2021-09-30T10:58:23.639+0700	[34mINFO[0m	engine/engine.go:402	=====> Initialize successðŸºðŸº
2021-09-30T10:59:03.535+0700	[34mINFO[0m	engine/engine.go:402	=====> Initialize database connections
2021-09-30T10:59:03.540+0700	[34mINFO[0m	engine/engine.go:402	=====> Initialize configuration
2021-09-30T10:59:03.544+0700	[34mINFO[0m	engine/engine.go:402	=====> Initialize navigation buttons
2021-09-30T10:59:03.544+0700	[34mINFO[0m	engine/engine.go:402	=====> Initialize plugins
2021-09-30T10:59:03.545+0700	[34mINFO[0m	engine/engine.go:402	=====> Initialize successðŸºðŸº
2021-09-30T10:59:34.989+0700	[34mINFO[0m	engine/engine.go:402	=====> Initialize database connections
2021-09-30T10:59:34.995+0700	[34mINFO[0m	engine/engine.go:402	=====> Initialize configuration
2021-09-30T10:59:34.998+0700	[34mINFO[0m	engine/engine.go:402	=====> Initialize navigation buttons
2021-09-30T10:59:34.998+0700	[34mINFO[0m	engine/engine.go:402	=====> Initialize plugins
2021-09-30T10:59:34.998+0700	[34mINFO[0m	engine/engine.go:402	=====> Initialize successðŸºðŸº
2021-09-30T11:00:28.013+0700	[34mINFO[0m	engine/engine.go:402	=====> Initialize database connections
2021-09-30T11:00:28.019+0700	[34mINFO[0m	engine/engine.go:402	=====> Initialize configuration
2021-09-30T11:00:28.023+0700	[34mINFO[0m	engine/engine.go:402	=====> Initialize navigation buttons
2021-09-30T11:00:28.023+0700	[34mINFO[0m	engine/engine.go:402	=====> Initialize plugins
2021-09-30T11:00:28.023+0700	[34mINFO[0m	engine/engine.go:402	=====> Initialize successðŸºðŸº
2021-09-30T11:01:22.407+0700	[34mINFO[0m	engine/engine.go:402	=====> Initialize database connections
2021-09-30T11:01:22.413+0700	[34mINFO[0m	engine/engine.go:402	=====> Initialize configuration
2021-09-30T11:01:22.416+0700	[34mINFO[0m	engine/engine.go:402	=====> Initialize navigation buttons
2021-09-30T11:01:22.416+0700	[34mINFO[0m	engine/engine.go:402	=====> Initialize plugins
2021-09-30T11:01:22.416+0700	[34mINFO[0m	engine/engine.go:402	=====> Initialize successðŸºðŸº
2021-09-30T11:06:01.161+0700	[34mINFO[0m	engine/engine.go:402	=====> Initialize database connections
2021-09-30T11:06:01.167+0700	[34mINFO[0m	engine/engine.go:402	=====> Initialize configuration
2021-09-30T11:06:01.171+0700	[34mINFO[0m	engine/engine.go:402	=====> Initialize navigation buttons
2021-09-30T11:06:01.171+0700	[34mINFO[0m	engine/engine.go:402	=====> Initialize plugins
2021-09-30T11:06:01.171+0700	[34mINFO[0m	engine/engine.go:402	=====> Initialize successðŸºðŸº
2021-09-30T11:10:31.809+0700	[34mINFO[0m	engine/engine.go:402	=====> Initialize database connections
2021-09-30T11:10:31.816+0700	[34mINFO[0m	engine/engine.go:402	=====> Initialize configuration
2021-09-30T11:10:31.820+0700	[34mINFO[0m	engine/engine.go:402	=====> Initialize navigation buttons
2021-09-30T11:10:31.821+0700	[34mINFO[0m	engine/engine.go:402	=====> Initialize plugins
2021-09-30T11:10:31.821+0700	[34mINFO[0m	engine/engine.go:402	=====> Initialize successðŸºðŸº
2021-09-30T11:11:50.935+0700	[34mINFO[0m	engine/engine.go:402	=====> Initialize database connections
2021-09-30T11:11:50.941+0700	[34mINFO[0m	engine/engine.go:402	=====> Initialize configuration
2021-09-30T11:11:50.944+0700	[34mINFO[0m	engine/engine.go:402	=====> Initialize navigation buttons
2021-09-30T11:11:50.944+0700	[34mINFO[0m	engine/engine.go:402	=====> Initialize plugins
2021-09-30T11:11:50.944+0700	[34mINFO[0m	engine/engine.go:402	=====> Initialize successðŸºðŸº
2021-09-30T11:13:34.327+0700	[34mINFO[0m	engine/engine.go:402	=====> Initialize database connections
2021-09-30T11:13:34.331+0700	[34mINFO[0m	engine/engine.go:402	=====> Initialize configuration
2021-09-30T11:13:34.336+0700	[34mINFO[0m	engine/engine.go:402	=====> Initialize navigation buttons
2021-09-30T11:13:34.336+0700	[34mINFO[0m	engine/engine.go:402	=====> Initialize plugins
2021-09-30T11:13:34.337+0700	[34mINFO[0m	engine/engine.go:402	=====> Initialize successðŸºðŸº
2021-09-30T11:18:38.352+0700	[34mINFO[0m	engine/engine.go:402	=====> Initialize database connections
2021-09-30T11:18:38.356+0700	[34mINFO[0m	engine/engine.go:402	=====> Initialize configuration
2021-09-30T11:18:38.360+0700	[34mINFO[0m	engine/engine.go:402	=====> Initialize navigation buttons
2021-09-30T11:18:38.360+0700	[34mINFO[0m	engine/engine.go:402	=====> Initialize plugins
2021-09-30T11:18:38.360+0700	[34mINFO[0m	engine/engine.go:402	=====> Initialize successðŸºðŸº
2021-09-30T11:24:18.483+0700	[34mINFO[0m	engine/engine.go:402	=====> Initialize database connections
2021-09-30T11:24:18.488+0700	[34mINFO[0m	engine/engine.go:402	=====> Initialize configuration
2021-09-30T11:24:18.491+0700	[34mINFO[0m	engine/engine.go:402	=====> Initialize navigation buttons
2021-09-30T11:24:18.491+0700	[34mINFO[0m	engine/engine.go:402	=====> Initialize plugins
2021-09-30T11:24:18.491+0700	[34mINFO[0m	engine/engine.go:402	=====> Initialize successðŸºðŸº
2021-09-30T11:29:48.757+0700	[34mINFO[0m	engine/engine.go:402	=====> Initialize database connections
2021-09-30T11:29:48.761+0700	[34mINFO[0m	engine/engine.go:402	=====> Initialize configuration
2021-09-30T11:29:48.765+0700	[34mINFO[0m	engine/engine.go:402	=====> Initialize navigation buttons
2021-09-30T11:29:48.765+0700	[34mINFO[0m	engine/engine.go:402	=====> Initialize plugins
2021-09-30T11:29:48.765+0700	[34mINFO[0m	engine/engine.go:402	=====> Initialize successðŸºðŸº
2021-09-30T11:31:40.529+0700	[34mINFO[0m	engine/engine.go:402	=====> Initialize database connections
2021-09-30T11:31:40.537+0700	[34mINFO[0m	engine/engine.go:402	=====> Initialize configuration
2021-09-30T11:31:40.541+0700	[34mINFO[0m	engine/engine.go:402	=====> Initialize navigation buttons
2021-09-30T11:31:40.541+0700	[34mINFO[0m	engine/engine.go:402	=====> Initialize plugins
2021-09-30T11:31:40.541+0700	[34mINFO[0m	engine/engine.go:402	=====> Initialize successðŸºðŸº
2021-09-30T11:36:21.296+0700	[34mINFO[0m	engine/engine.go:402	=====> Initialize database connections
2021-09-30T11:36:21.304+0700	[34mINFO[0m	engine/engine.go:402	=====> Initialize configuration
2021-09-30T11:36:21.309+0700	[34mINFO[0m	engine/engine.go:402	=====> Initialize navigation buttons
2021-09-30T11:36:21.309+0700	[34mINFO[0m	engine/engine.go:402	=====> Initialize plugins
2021-09-30T11:36:21.309+0700	[34mINFO[0m	engine/engine.go:402	=====> Initialize successðŸºðŸº
2021-09-30T11:39:53.193+0700	[34mINFO[0m	engine/engine.go:402	=====> Initialize database connections
2021-09-30T11:39:53.198+0700	[34mINFO[0m	engine/engine.go:402	=====> Initialize configuration
2021-09-30T11:39:53.202+0700	[34mINFO[0m	engine/engine.go:402	=====> Initialize navigation buttons
2021-09-30T11:39:53.202+0700	[34mINFO[0m	engine/engine.go:402	=====> Initialize plugins
2021-09-30T11:39:53.202+0700	[34mINFO[0m	engine/engine.go:402	=====> Initialize successðŸºðŸº
2021-09-30T11:43:01.532+0700	[34mINFO[0m	engine/engine.go:402	=====> Initialize database connections
2021-09-30T11:43:01.538+0700	[34mINFO[0m	engine/engine.go:402	=====> Initialize configuration
2021-09-30T11:43:01.543+0700	[34mINFO[0m	engine/engine.go:402	=====> Initialize navigation buttons
2021-09-30T11:43:01.544+0700	[34mINFO[0m	engine/engine.go:402	=====> Initialize plugins
2021-09-30T11:43:01.544+0700	[34mINFO[0m	engine/engine.go:402	=====> Initialize successðŸºðŸº
2021-09-30T11:43:58.452+0700	[34mINFO[0m	engine/engine.go:402	=====> Initialize database connections
2021-09-30T11:43:58.458+0700	[34mINFO[0m	engine/engine.go:402	=====> Initialize configuration
2021-09-30T11:43:58.462+0700	[34mINFO[0m	engine/engine.go:402	=====> Initialize navigation buttons
2021-09-30T11:43:58.462+0700	[34mINFO[0m	engine/engine.go:402	=====> Initialize plugins
2021-09-30T11:43:58.462+0700	[34mINFO[0m	engine/engine.go:402	=====> Initialize successðŸºðŸº
2021-09-30T11:46:10.058+0700	[34mINFO[0m	engine/engine.go:402	=====> Initialize database connections
2021-09-30T11:46:10.063+0700	[34mINFO[0m	engine/engine.go:402	=====> Initialize configuration
2021-09-30T11:46:10.067+0700	[34mINFO[0m	engine/engine.go:402	=====> Initialize navigation buttons
2021-09-30T11:46:10.067+0700	[34mINFO[0m	engine/engine.go:402	=====> Initialize plugins
2021-09-30T11:46:10.067+0700	[34mINFO[0m	engine/engine.go:402	=====> Initialize successðŸºðŸº
2021-09-30T11:55:40.780+0700	[34mINFO[0m	engine/engine.go:402	=====> Initialize database connections
2021-09-30T11:55:40.788+0700	[34mINFO[0m	engine/engine.go:402	=====> Initialize configuration
2021-09-30T11:55:40.791+0700	[34mINFO[0m	engine/engine.go:402	=====> Initialize navigation buttons
2021-09-30T11:55:40.791+0700	[34mINFO[0m	engine/engine.go:402	=====> Initialize plugins
2021-09-30T11:55:40.792+0700	[34mINFO[0m	engine/engine.go:402	=====> Initialize successðŸºðŸº
2021-09-30T11:56:25.676+0700	[34mINFO[0m	engine/engine.go:402	=====> Initialize database connections
2021-09-30T11:56:25.682+0700	[34mINFO[0m	engine/engine.go:402	=====> Initialize configuration
2021-09-30T11:56:25.686+0700	[34mINFO[0m	engine/engine.go:402	=====> Initialize navigation buttons
2021-09-30T11:56:25.686+0700	[34mINFO[0m	engine/engine.go:402	=====> Initialize plugins
2021-09-30T11:56:25.686+0700	[34mINFO[0m	engine/engine.go:402	=====> Initialize successðŸºðŸº
2021-09-30T11:57:16.941+0700	[34mINFO[0m	engine/engine.go:402	=====> Initialize database connections
2021-09-30T11:57:16.946+0700	[34mINFO[0m	engine/engine.go:402	=====> Initialize configuration
2021-09-30T11:57:16.951+0700	[34mINFO[0m	engine/engine.go:402	=====> Initialize navigation buttons
2021-09-30T11:57:16.951+0700	[34mINFO[0m	engine/engine.go:402	=====> Initialize plugins
2021-09-30T11:57:16.951+0700	[34mINFO[0m	engine/engine.go:402	=====> Initialize successðŸºðŸº
2021-09-30T11:58:37.744+0700	[34mINFO[0m	engine/engine.go:402	=====> Initialize database connections
2021-09-30T11:58:37.749+0700	[34mINFO[0m	engine/engine.go:402	=====> Initialize configuration
2021-09-30T11:58:37.753+0700	[34mINFO[0m	engine/engine.go:402	=====> Initialize navigation buttons
2021-09-30T11:58:37.753+0700	[34mINFO[0m	engine/engine.go:402	=====> Initialize plugins
2021-09-30T11:58:37.754+0700	[34mINFO[0m	engine/engine.go:402	=====> Initialize successðŸºðŸº
2021-09-30T12:03:39.343+0700	[34mINFO[0m	engine/engine.go:402	=====> Initialize database connections
2021-09-30T12:03:39.349+0700	[34mINFO[0m	engine/engine.go:402	=====> Initialize configuration
2021-09-30T12:03:39.353+0700	[34mINFO[0m	engine/engine.go:402	=====> Initialize navigation buttons
2021-09-30T12:03:39.353+0700	[34mINFO[0m	engine/engine.go:402	=====> Initialize plugins
2021-09-30T12:03:39.353+0700	[34mINFO[0m	engine/engine.go:402	=====> Initialize successðŸºðŸº
2021-09-30T12:13:39.464+0700	[34mINFO[0m	engine/engine.go:402	=====> Initialize database connections
2021-09-30T12:13:39.469+0700	[34mINFO[0m	engine/engine.go:402	=====> Initialize configuration
2021-09-30T12:13:39.472+0700	[34mINFO[0m	engine/engine.go:402	=====> Initialize navigation buttons
2021-09-30T12:13:39.473+0700	[34mINFO[0m	engine/engine.go:402	=====> Initialize plugins
2021-09-30T12:13:39.473+0700	[34mINFO[0m	engine/engine.go:402	=====> Initialize successðŸºðŸº
2021-09-30T12:16:32.760+0700	[34mINFO[0m	engine/engine.go:402	=====> Initialize database connections
2021-09-30T12:16:32.767+0700	[34mINFO[0m	engine/engine.go:402	=====> Initialize configuration
2021-09-30T12:16:32.771+0700	[34mINFO[0m	engine/engine.go:402	=====> Initialize navigation buttons
2021-09-30T12:16:32.771+0700	[34mINFO[0m	engine/engine.go:402	=====> Initialize plugins
2021-09-30T12:16:32.771+0700	[34mINFO[0m	engine/engine.go:402	=====> Initialize successðŸºðŸº
2021-09-30T12:17:49.571+0700	[34mINFO[0m	engine/engine.go:402	=====> Initialize database connections
2021-09-30T12:17:49.576+0700	[34mINFO[0m	engine/engine.go:402	=====> Initialize configuration
2021-09-30T12:17:49.580+0700	[34mINFO[0m	engine/engine.go:402	=====> Initialize navigation buttons
2021-09-30T12:17:49.580+0700	[34mINFO[0m	engine/engine.go:402	=====> Initialize plugins
2021-09-30T12:17:49.580+0700	[34mINFO[0m	engine/engine.go:402	=====> Initialize successðŸºðŸº
2021-09-30T12:18:24.651+0700	[34mINFO[0m	engine/engine.go:402	=====> Initialize database connections
2021-09-30T12:18:24.657+0700	[34mINFO[0m	engine/engine.go:402	=====> Initialize configuration
2021-09-30T12:18:24.661+0700	[34mINFO[0m	engine/engine.go:402	=====> Initialize navigation buttons
2021-09-30T12:18:24.661+0700	[34mINFO[0m	engine/engine.go:402	=====> Initialize plugins
2021-09-30T12:18:24.662+0700	[34mINFO[0m	engine/engine.go:402	=====> Initialize successðŸºðŸº
2021-09-30T12:20:38.573+0700	[34mINFO[0m	engine/engine.go:402	=====> Initialize database connections
2021-09-30T12:20:38.581+0700	[34mINFO[0m	engine/engine.go:402	=====> Initialize configuration
2021-09-30T12:20:38.585+0700	[34mINFO[0m	engine/engine.go:402	=====> Initialize navigation buttons
2021-09-30T12:20:38.585+0700	[34mINFO[0m	engine/engine.go:402	=====> Initialize plugins
2021-09-30T12:20:38.585+0700	[34mINFO[0m	engine/engine.go:402	=====> Initialize successðŸºðŸº
2021-09-30T12:21:06.496+0700	[34mINFO[0m	engine/engine.go:402	=====> Initialize database connections
2021-09-30T12:21:06.502+0700	[34mINFO[0m	engine/engine.go:402	=====> Initialize configuration
2021-09-30T12:21:06.506+0700	[34mINFO[0m	engine/engine.go:402	=====> Initialize navigation buttons
2021-09-30T12:21:06.506+0700	[34mINFO[0m	engine/engine.go:402	=====> Initialize plugins
2021-09-30T12:21:06.506+0700	[34mINFO[0m	engine/engine.go:402	=====> Initialize successðŸºðŸº
2021-09-30T12:22:41.831+0700	[34mINFO[0m	engine/engine.go:402	=====> Initialize database connections
2021-09-30T12:22:41.837+0700	[34mINFO[0m	engine/engine.go:402	=====> Initialize configuration
2021-09-30T12:22:41.841+0700	[34mINFO[0m	engine/engine.go:402	=====> Initialize navigation buttons
2021-09-30T12:22:41.841+0700	[34mINFO[0m	engine/engine.go:402	=====> Initialize plugins
2021-09-30T12:22:41.841+0700	[34mINFO[0m	engine/engine.go:402	=====> Initialize successðŸºðŸº
2021-09-30T12:23:52.820+0700	[34mINFO[0m	engine/engine.go:402	=====> Initialize database connections
2021-09-30T12:23:52.826+0700	[34mINFO[0m	engine/engine.go:402	=====> Initialize configuration
2021-09-30T12:23:52.830+0700	[34mINFO[0m	engine/engine.go:402	=====> Initialize navigation buttons
2021-09-30T12:23:52.830+0700	[34mINFO[0m	engine/engine.go:402	=====> Initialize plugins
2021-09-30T12:23:52.830+0700	[34mINFO[0m	engine/engine.go:402	=====> Initialize successðŸºðŸº
2021-09-30T12:24:11.956+0700	[34mINFO[0m	engine/engine.go:402	=====> Initialize database connections
2021-09-30T12:24:11.960+0700	[34mINFO[0m	engine/engine.go:402	=====> Initialize configuration
2021-09-30T12:24:11.965+0700	[34mINFO[0m	engine/engine.go:402	=====> Initialize navigation buttons
2021-09-30T12:24:11.965+0700	[34mINFO[0m	engine/engine.go:402	=====> Initialize plugins
2021-09-30T12:24:11.966+0700	[34mINFO[0m	engine/engine.go:402	=====> Initialize successðŸºðŸº
2021-09-30T12:38:59.528+0700	[34mINFO[0m	engine/engine.go:402	=====> Initialize database connections
2021-09-30T12:38:59.533+0700	[34mINFO[0m	engine/engine.go:402	=====> Initialize configuration
2021-09-30T12:38:59.537+0700	[34mINFO[0m	engine/engine.go:402	=====> Initialize navigation buttons
2021-09-30T12:38:59.537+0700	[34mINFO[0m	engine/engine.go:402	=====> Initialize plugins
2021-09-30T12:38:59.537+0700	[34mINFO[0m	engine/engine.go:402	=====> Initialize successðŸºðŸº
2021-09-30T12:40:10.616+0700	[34mINFO[0m	engine/engine.go:402	=====> Initialize database connections
2021-09-30T12:40:10.621+0700	[34mINFO[0m	engine/engine.go:402	=====> Initialize configuration
2021-09-30T12:40:10.625+0700	[34mINFO[0m	engine/engine.go:402	=====> Initialize navigation buttons
2021-09-30T12:40:10.626+0700	[34mINFO[0m	engine/engine.go:402	=====> Initialize plugins
2021-09-30T12:40:10.626+0700	[34mINFO[0m	engine/engine.go:402	=====> Initialize successðŸºðŸº
2021-09-30T14:38:36.721+0700	[34mINFO[0m	engine/engine.go:402	=====> Initialize database connections
2021-09-30T14:38:36.729+0700	[34mINFO[0m	engine/engine.go:402	=====> Initialize configuration
2021-09-30T14:38:36.733+0700	[34mINFO[0m	engine/engine.go:402	=====> Initialize navigation buttons
2021-09-30T14:38:36.733+0700	[34mINFO[0m	engine/engine.go:402	=====> Initialize plugins
2021-09-30T14:38:36.733+0700	[34mINFO[0m	engine/engine.go:402	=====> Initialize successðŸºðŸº
2021-09-30T14:41:45.475+0700	[34mINFO[0m	engine/engine.go:402	=====> Initialize database connections
2021-09-30T14:41:45.480+0700	[34mINFO[0m	engine/engine.go:402	=====> Initialize configuration
2021-09-30T14:41:45.484+0700	[34mINFO[0m	engine/engine.go:402	=====> Initialize navigation buttons
2021-09-30T14:41:45.484+0700	[34mINFO[0m	engine/engine.go:402	=====> Initialize plugins
2021-09-30T14:41:45.484+0700	[34mINFO[0m	engine/engine.go:402	=====> Initialize successðŸºðŸº
2021-09-30T14:47:47.089+0700	[34mINFO[0m	engine/engine.go:402	=====> Initialize database connections
2021-09-30T14:47:47.096+0700	[34mINFO[0m	engine/engine.go:402	=====> Initialize configuration
2021-09-30T14:47:47.100+0700	[34mINFO[0m	engine/engine.go:402	=====> Initialize navigation buttons
2021-09-30T14:47:47.100+0700	[34mINFO[0m	engine/engine.go:402	=====> Initialize plugins
2021-09-30T14:47:47.100+0700	[34mINFO[0m	engine/engine.go:402	=====> Initialize successðŸºðŸº
2021-09-30T14:58:57.103+0700	[34mINFO[0m	engine/engine.go:402	=====> Initialize database connections
2021-09-30T14:58:57.109+0700	[34mINFO[0m	engine/engine.go:402	=====> Initialize configuration
2021-09-30T14:58:57.113+0700	[34mINFO[0m	engine/engine.go:402	=====> Initialize navigation buttons
2021-09-30T14:58:57.114+0700	[34mINFO[0m	engine/engine.go:402	=====> Initialize plugins
2021-09-30T14:58:57.114+0700	[34mINFO[0m	engine/engine.go:402	=====> Initialize successðŸºðŸº
2021-09-30T15:04:39.734+0700	[34mINFO[0m	engine/engine.go:402	=====> Initialize database connections
2021-09-30T15:04:39.738+0700	[34mINFO[0m	engine/engine.go:402	=====> Initialize configuration
2021-09-30T15:04:39.744+0700	[34mINFO[0m	engine/engine.go:402	=====> Initialize navigation buttons
2021-09-30T15:04:39.744+0700	[34mINFO[0m	engine/engine.go:402	=====> Initialize plugins
2021-09-30T15:04:39.744+0700	[34mINFO[0m	engine/engine.go:402	=====> Initialize successðŸºðŸº
2021-09-30T15:05:24.263+0700	[34mINFO[0m	engine/engine.go:402	=====> Initialize database connections
2021-09-30T15:05:24.269+0700	[34mINFO[0m	engine/engine.go:402	=====> Initialize configuration
2021-09-30T15:05:24.272+0700	[34mINFO[0m	engine/engine.go:402	=====> Initialize navigation buttons
2021-09-30T15:05:24.272+0700	[34mINFO[0m	engine/engine.go:402	=====> Initialize plugins
2021-09-30T15:05:24.272+0700	[34mINFO[0m	engine/engine.go:402	=====> Initialize successðŸºðŸº
2021-09-30T15:11:37.187+0700	[34mINFO[0m	engine/engine.go:402	=====> Initialize database connections
2021-09-30T15:11:37.195+0700	[34mINFO[0m	engine/engine.go:402	=====> Initialize configuration
2021-09-30T15:11:37.199+0700	[34mINFO[0m	engine/engine.go:402	=====> Initialize navigation buttons
2021-09-30T15:11:37.199+0700	[34mINFO[0m	engine/engine.go:402	=====> Initialize plugins
2021-09-30T15:11:37.199+0700	[34mINFO[0m	engine/engine.go:402	=====> Initialize successðŸºðŸº
2021-09-30T15:27:36.119+0700	[34mINFO[0m	engine/engine.go:402	=====> Initialize database connections
2021-09-30T15:27:36.125+0700	[34mINFO[0m	engine/engine.go:402	=====> Initialize configuration
2021-09-30T15:27:36.129+0700	[34mINFO[0m	engine/engine.go:402	=====> Initialize navigation buttons
2021-09-30T15:27:36.130+0700	[34mINFO[0m	engine/engine.go:402	=====> Initialize plugins
2021-09-30T15:27:36.130+0700	[34mINFO[0m	engine/engine.go:402	=====> Initialize successðŸºðŸº
2021-09-30T15:31:19.857+0700	[34mINFO[0m	engine/engine.go:402	=====> Initialize database connections
2021-09-30T15:31:19.862+0700	[34mINFO[0m	engine/engine.go:402	=====> Initialize configuration
2021-09-30T15:31:19.868+0700	[34mINFO[0m	engine/engine.go:402	=====> Initialize navigation buttons
2021-09-30T15:31:19.869+0700	[34mINFO[0m	engine/engine.go:402	=====> Initialize plugins
2021-09-30T15:31:19.869+0700	[34mINFO[0m	engine/engine.go:402	=====> Initialize successðŸºðŸº
2021-09-30T15:31:46.605+0700	[34mINFO[0m	engine/engine.go:402	=====> Initialize database connections
2021-09-30T15:31:46.611+0700	[34mINFO[0m	engine/engine.go:402	=====> Initialize configuration
2021-09-30T15:31:46.615+0700	[34mINFO[0m	engine/engine.go:402	=====> Initialize navigation buttons
2021-09-30T15:31:46.615+0700	[34mINFO[0m	engine/engine.go:402	=====> Initialize plugins
2021-09-30T15:31:46.615+0700	[34mINFO[0m	engine/engine.go:402	=====> Initialize successðŸºðŸº
2021-09-30T15:35:22.631+0700	[34mINFO[0m	engine/engine.go:402	=====> Initialize database connections
2021-09-30T15:35:22.637+0700	[34mINFO[0m	engine/engine.go:402	=====> Initialize configuration
2021-09-30T15:35:22.642+0700	[34mINFO[0m	engine/engine.go:402	=====> Initialize navigation buttons
2021-09-30T15:35:22.642+0700	[34mINFO[0m	engine/engine.go:402	=====> Initialize plugins
2021-09-30T15:35:22.642+0700	[34mINFO[0m	engine/engine.go:402	=====> Initialize successðŸºðŸº
2021-09-30T15:36:30.657+0700	[34mINFO[0m	engine/engine.go:402	=====> Initialize database connections
2021-09-30T15:36:30.662+0700	[34mINFO[0m	engine/engine.go:402	=====> Initialize configuration
2021-09-30T15:36:30.666+0700	[34mINFO[0m	engine/engine.go:402	=====> Initialize navigation buttons
2021-09-30T15:36:30.666+0700	[34mINFO[0m	engine/engine.go:402	=====> Initialize plugins
2021-09-30T15:36:30.666+0700	[34mINFO[0m	engine/engine.go:402	=====> Initialize successðŸºðŸº
2021-09-30T15:39:02.482+0700	[34mINFO[0m	engine/engine.go:402	=====> Initialize database connections
2021-09-30T15:39:02.489+0700	[34mINFO[0m	engine/engine.go:402	=====> Initialize configuration
2021-09-30T15:39:02.493+0700	[34mINFO[0m	engine/engine.go:402	=====> Initialize navigation buttons
2021-09-30T15:39:02.493+0700	[34mINFO[0m	engine/engine.go:402	=====> Initialize plugins
2021-09-30T15:39:02.493+0700	[34mINFO[0m	engine/engine.go:402	=====> Initialize successðŸºðŸº
2021-09-30T15:43:29.947+0700	[34mINFO[0m	engine/engine.go:402	=====> Initialize database connections
2021-09-30T15:43:29.952+0700	[34mINFO[0m	engine/engine.go:402	=====> Initialize configuration
2021-09-30T15:43:29.957+0700	[34mINFO[0m	engine/engine.go:402	=====> Initialize navigation buttons
2021-09-30T15:43:29.957+0700	[34mINFO[0m	engine/engine.go:402	=====> Initialize plugins
2021-09-30T15:43:29.957+0700	[34mINFO[0m	engine/engine.go:402	=====> Initialize successðŸºðŸº
2021-09-30T15:45:04.975+0700	[34mINFO[0m	engine/engine.go:402	=====> Initialize database connections
2021-09-30T15:45:04.982+0700	[34mINFO[0m	engine/engine.go:402	=====> Initialize configuration
2021-09-30T15:45:04.985+0700	[34mINFO[0m	engine/engine.go:402	=====> Initialize navigation buttons
2021-09-30T15:45:04.986+0700	[34mINFO[0m	engine/engine.go:402	=====> Initialize plugins
2021-09-30T15:45:04.986+0700	[34mINFO[0m	engine/engine.go:402	=====> Initialize successðŸºðŸº
2021-09-30T15:45:41.621+0700	[34mINFO[0m	engine/engine.go:402	=====> Initialize database connections
2021-09-30T15:45:41.627+0700	[34mINFO[0m	engine/engine.go:402	=====> Initialize configuration
2021-09-30T15:45:41.632+0700	[34mINFO[0m	engine/engine.go:402	=====> Initialize navigation buttons
2021-09-30T15:45:41.632+0700	[34mINFO[0m	engine/engine.go:402	=====> Initialize plugins
2021-09-30T15:45:41.632+0700	[34mINFO[0m	engine/engine.go:402	=====> Initialize successðŸºðŸº
2021-09-30T15:50:07.929+0700	[34mINFO[0m	engine/engine.go:402	=====> Initialize database connections
2021-09-30T15:50:07.937+0700	[34mINFO[0m	engine/engine.go:402	=====> Initialize configuration
2021-09-30T15:50:07.943+0700	[34mINFO[0m	engine/engine.go:402	=====> Initialize navigation buttons
2021-09-30T15:50:07.943+0700	[34mINFO[0m	engine/engine.go:402	=====> Initialize plugins
2021-09-30T15:50:07.943+0700	[34mINFO[0m	engine/engine.go:402	=====> Initialize successðŸºðŸº
2021-09-30T15:53:21.664+0700	[34mINFO[0m	engine/engine.go:402	=====> Initialize database connections
2021-09-30T15:53:21.669+0700	[34mINFO[0m	engine/engine.go:402	=====> Initialize configuration
2021-09-30T15:53:21.675+0700	[34mINFO[0m	engine/engine.go:402	=====> Initialize navigation buttons
2021-09-30T15:53:21.675+0700	[34mINFO[0m	engine/engine.go:402	=====> Initialize plugins
2021-09-30T15:53:21.675+0700	[34mINFO[0m	engine/engine.go:402	=====> Initialize successðŸºðŸº
2021-09-30T15:54:03.683+0700	[34mINFO[0m	engine/engine.go:402	=====> Initialize database connections
2021-09-30T15:54:03.689+0700	[34mINFO[0m	engine/engine.go:402	=====> Initialize configuration
2021-09-30T15:54:03.695+0700	[34mINFO[0m	engine/engine.go:402	=====> Initialize navigation buttons
2021-09-30T15:54:03.695+0700	[34mINFO[0m	engine/engine.go:402	=====> Initialize plugins
2021-09-30T15:54:03.695+0700	[34mINFO[0m	engine/engine.go:402	=====> Initialize successðŸºðŸº
2021-09-30T15:59:28.791+0700	[34mINFO[0m	engine/engine.go:402	=====> Initialize database connections
2021-09-30T15:59:28.797+0700	[34mINFO[0m	engine/engine.go:402	=====> Initialize configuration
2021-09-30T15:59:28.801+0700	[34mINFO[0m	engine/engine.go:402	=====> Initialize navigation buttons
2021-09-30T15:59:28.801+0700	[34mINFO[0m	engine/engine.go:402	=====> Initialize plugins
2021-09-30T15:59:28.801+0700	[34mINFO[0m	engine/engine.go:402	=====> Initialize successðŸºðŸº
2021-09-30T16:01:20.897+0700	[34mINFO[0m	engine/engine.go:402	=====> Initialize database connections
2021-09-30T16:01:20.903+0700	[34mINFO[0m	engine/engine.go:402	=====> Initialize configuration
2021-09-30T16:01:20.910+0700	[34mINFO[0m	engine/engine.go:402	=====> Initialize navigation buttons
2021-09-30T16:01:20.910+0700	[34mINFO[0m	engine/engine.go:402	=====> Initialize plugins
2021-09-30T16:01:20.910+0700	[34mINFO[0m	engine/engine.go:402	=====> Initialize successðŸºðŸº
2021-09-30T16:05:50.807+0700	[34mINFO[0m	engine/engine.go:402	=====> Initialize database connections
2021-09-30T16:05:50.813+0700	[34mINFO[0m	engine/engine.go:402	=====> Initialize configuration
2021-09-30T16:05:50.816+0700	[34mINFO[0m	engine/engine.go:402	=====> Initialize navigation buttons
2021-09-30T16:05:50.816+0700	[34mINFO[0m	engine/engine.go:402	=====> Initialize plugins
2021-09-30T16:05:50.816+0700	[34mINFO[0m	engine/engine.go:402	=====> Initialize successðŸºðŸº
2021-09-30T16:22:16.143+0700	[34mINFO[0m	engine/engine.go:402	=====> Initialize database connections
2021-09-30T16:22:16.149+0700	[34mINFO[0m	engine/engine.go:402	=====> Initialize configuration
2021-09-30T16:22:16.154+0700	[34mINFO[0m	engine/engine.go:402	=====> Initialize navigation buttons
2021-09-30T16:22:16.154+0700	[34mINFO[0m	engine/engine.go:402	=====> Initialize plugins
2021-09-30T16:22:16.154+0700	[34mINFO[0m	engine/engine.go:402	=====> Initialize successðŸºðŸº
2021-09-30T16:22:38.404+0700	[34mINFO[0m	engine/engine.go:402	=====> Initialize database connections
2021-09-30T16:22:38.410+0700	[34mINFO[0m	engine/engine.go:402	=====> Initialize configuration
2021-09-30T16:22:38.414+0700	[34mINFO[0m	engine/engine.go:402	=====> Initialize navigation buttons
2021-09-30T16:22:38.415+0700	[34mINFO[0m	engine/engine.go:402	=====> Initialize plugins
2021-09-30T16:22:38.415+0700	[34mINFO[0m	engine/engine.go:402	=====> Initialize successðŸºðŸº
2021-09-30T16:43:23.381+0700	[34mINFO[0m	engine/engine.go:402	=====> Initialize database connections
2021-09-30T16:43:23.388+0700	[34mINFO[0m	engine/engine.go:402	=====> Initialize configuration
2021-09-30T16:43:23.393+0700	[34mINFO[0m	engine/engine.go:402	=====> Initialize navigation buttons
2021-09-30T16:43:23.393+0700	[34mINFO[0m	engine/engine.go:402	=====> Initialize plugins
2021-09-30T16:43:23.393+0700	[34mINFO[0m	engine/engine.go:402	=====> Initialize successðŸºðŸº
2021-09-30T16:44:26.979+0700	[34mINFO[0m	engine/engine.go:402	=====> Initialize database connections
2021-09-30T16:44:26.985+0700	[34mINFO[0m	engine/engine.go:402	=====> Initialize configuration
2021-09-30T16:44:26.989+0700	[34mINFO[0m	engine/engine.go:402	=====> Initialize navigation buttons
2021-09-30T16:44:26.989+0700	[34mINFO[0m	engine/engine.go:402	=====> Initialize plugins
2021-09-30T16:44:26.989+0700	[34mINFO[0m	engine/engine.go:402	=====> Initialize successðŸºðŸº
2021-09-30T16:51:23.338+0700	[34mINFO[0m	engine/engine.go:402	=====> Initialize database connections
2021-09-30T16:51:23.345+0700	[34mINFO[0m	engine/engine.go:402	=====> Initialize configuration
2021-09-30T16:51:23.350+0700	[34mINFO[0m	engine/engine.go:402	=====> Initialize navigation buttons
2021-09-30T16:51:23.350+0700	[34mINFO[0m	engine/engine.go:402	=====> Initialize plugins
2021-09-30T16:51:23.350+0700	[34mINFO[0m	engine/engine.go:402	=====> Initialize successðŸºðŸº
2021-09-30T16:52:00.631+0700	[34mINFO[0m	engine/engine.go:402	=====> Initialize database connections
2021-09-30T16:52:00.639+0700	[34mINFO[0m	engine/engine.go:402	=====> Initialize configuration
2021-09-30T16:52:00.643+0700	[34mINFO[0m	engine/engine.go:402	=====> Initialize navigation buttons
2021-09-30T16:52:00.643+0700	[34mINFO[0m	engine/engine.go:402	=====> Initialize plugins
2021-09-30T16:52:00.643+0700	[34mINFO[0m	engine/engine.go:402	=====> Initialize successðŸºðŸº
2021-09-30T16:53:53.723+0700	[34mINFO[0m	engine/engine.go:402	=====> Initialize database connections
2021-09-30T16:53:53.730+0700	[34mINFO[0m	engine/engine.go:402	=====> Initialize configuration
2021-09-30T16:53:53.735+0700	[34mINFO[0m	engine/engine.go:402	=====> Initialize navigation buttons
2021-09-30T16:53:53.735+0700	[34mINFO[0m	engine/engine.go:402	=====> Initialize plugins
2021-09-30T16:53:53.736+0700	[34mINFO[0m	engine/engine.go:402	=====> Initialize successðŸºðŸº
2021-09-30T16:59:01.578+0700	[34mINFO[0m	engine/engine.go:402	=====> Initialize database connections
2021-09-30T16:59:01.582+0700	[34mINFO[0m	engine/engine.go:402	=====> Initialize configuration
2021-09-30T16:59:01.586+0700	[34mINFO[0m	engine/engine.go:402	=====> Initialize navigation buttons
2021-09-30T16:59:01.586+0700	[34mINFO[0m	engine/engine.go:402	=====> Initialize plugins
2021-09-30T16:59:01.586+0700	[34mINFO[0m	engine/engine.go:402	=====> Initialize successðŸºðŸº
2021-09-30T17:05:54.723+0700	[34mINFO[0m	engine/engine.go:402	=====> Initialize database connections
2021-09-30T17:05:54.730+0700	[34mINFO[0m	engine/engine.go:402	=====> Initialize configuration
2021-09-30T17:05:54.733+0700	[34mINFO[0m	engine/engine.go:402	=====> Initialize navigation buttons
2021-09-30T17:05:54.733+0700	[34mINFO[0m	engine/engine.go:402	=====> Initialize plugins
2021-09-30T17:05:54.734+0700	[34mINFO[0m	engine/engine.go:402	=====> Initialize successðŸºðŸº
2021-09-30T17:06:44.843+0700	[34mINFO[0m	engine/engine.go:402	=====> Initialize database connections
2021-09-30T17:06:44.848+0700	[34mINFO[0m	engine/engine.go:402	=====> Initialize configuration
2021-09-30T17:06:44.852+0700	[34mINFO[0m	engine/engine.go:402	=====> Initialize navigation buttons
2021-09-30T17:06:44.852+0700	[34mINFO[0m	engine/engine.go:402	=====> Initialize plugins
2021-09-30T17:06:44.852+0700	[34mINFO[0m	engine/engine.go:402	=====> Initialize successðŸºðŸº
2021-09-30T17:12:29.984+0700	[34mINFO[0m	engine/engine.go:402	=====> Initialize database connections
2021-09-30T17:12:29.991+0700	[34mINFO[0m	engine/engine.go:402	=====> Initialize configuration
2021-09-30T17:12:29.995+0700	[34mINFO[0m	engine/engine.go:402	=====> Initialize navigation buttons
2021-09-30T17:12:29.995+0700	[34mINFO[0m	engine/engine.go:402	=====> Initialize plugins
2021-09-30T17:12:29.995+0700	[34mINFO[0m	engine/engine.go:402	=====> Initialize successðŸºðŸº
2021-09-30T17:12:58.457+0700	[34mINFO[0m	engine/engine.go:402	=====> Initialize database connections
2021-09-30T17:12:58.461+0700	[34mINFO[0m	engine/engine.go:402	=====> Initialize configuration
2021-09-30T17:12:58.467+0700	[34mINFO[0m	engine/engine.go:402	=====> Initialize navigation buttons
2021-09-30T17:12:58.468+0700	[34mINFO[0m	engine/engine.go:402	=====> Initialize plugins
2021-09-30T17:12:58.468+0700	[34mINFO[0m	engine/engine.go:402	=====> Initialize successðŸºðŸº
2021-09-30T17:18:11.758+0700	[34mINFO[0m	engine/engine.go:402	=====> Initialize database connections
2021-09-30T17:18:11.763+0700	[34mINFO[0m	engine/engine.go:402	=====> Initialize configuration
